ARM GAS  /tmp/ccqgvWzf.s 			page 1


   1              		.cpu cortex-m0
   2              		.eabi_attribute 20, 1
   3              		.eabi_attribute 21, 1
   4              		.eabi_attribute 23, 3
   5              		.eabi_attribute 24, 1
   6              		.eabi_attribute 25, 1
   7              		.eabi_attribute 26, 1
   8              		.eabi_attribute 30, 2
   9              		.eabi_attribute 34, 0
  10              		.eabi_attribute 18, 4
  11              		.file	"chcore.c"
  12              		.text
  13              	.Ltext0:
  14              		.cfi_sections	.debug_frame
  15              	.Letext0:
  16              		.file 1 "/opt/nanovna/gcc-arm-none-eabi-8-2018-q4-major/arm-none-eabi/include/machine/_default_typ
  17              		.file 2 "/opt/nanovna/gcc-arm-none-eabi-8-2018-q4-major/arm-none-eabi/include/sys/_stdint.h"
  18              		.file 3 "ChibiOS/os/common/ports/ARMCMx/compilers/GCC/chtypes.h"
  19              		.file 4 "ChibiOS/os/rt/include/chsystypes.h"
  20              		.file 5 "ChibiOS/os/rt/include/chschd.h"
  21              		.file 6 "ChibiOS/os/common/ports/ARMCMx/chcore.h"
  22              		.file 7 "ChibiOS/os/common/ports/ARMCMx/chcore_v6m.h"
  23              		.file 8 "ChibiOS/os/rt/include/chmtx.h"
  24              		.file 9 "ChibiOS/os/common/ext/CMSIS/ST/STM32F0xx/system_stm32f0xx.h"
  25              		.file 10 "ChibiOS/os/rt/include/chsys.h"
  26              		.file 11 "ChibiOS/os/rt/include/chregistry.h"
  27              		.section	.debug_info,"",%progbits
  28              	.Ldebug_info0:
  29 0000 26070000 		.4byte	0x726
  30 0004 0400     		.2byte	0x4
  31 0006 00000000 		.4byte	.Ldebug_abbrev0
  32 000a 04       		.byte	0x4
  33 000b 01       		.uleb128 0x1
  34 000c 11000000 		.4byte	.LASF105
  35 0010 0C       		.byte	0xc
  36 0011 0A030000 		.4byte	.LASF106
  37 0015 EE030000 		.4byte	.LASF107
  38 0019 00000000 		.4byte	.Ldebug_line0
  39 001d 02       		.uleb128 0x2
  40 001e 04       		.byte	0x4
  41 001f 05       		.byte	0x5
  42 0020 696E7400 		.ascii	"int\000"
  43 0024 03       		.uleb128 0x3
  44 0025 04       		.byte	0x4
  45 0026 07       		.byte	0x7
  46 0027 32030000 		.4byte	.LASF0
  47 002b 03       		.uleb128 0x3
  48 002c 08       		.byte	0x8
  49 002d 05       		.byte	0x5
  50 002e 36020000 		.4byte	.LASF1
  51 0032 03       		.uleb128 0x3
  52 0033 08       		.byte	0x8
  53 0034 04       		.byte	0x4
  54 0035 C8020000 		.4byte	.LASF2
  55 0039 03       		.uleb128 0x3
  56 003a 01       		.byte	0x1
  57 003b 06       		.byte	0x6
ARM GAS  /tmp/ccqgvWzf.s 			page 2


  58 003c EF020000 		.4byte	.LASF3
  59 0040 04       		.uleb128 0x4
  60 0041 A5020000 		.4byte	.LASF6
  61 0045 01       		.byte	0x1
  62 0046 2B       		.byte	0x2b
  63 0047 18       		.byte	0x18
  64 0048 4C000000 		.4byte	0x4c
  65 004c 03       		.uleb128 0x3
  66 004d 01       		.byte	0x1
  67 004e 08       		.byte	0x8
  68 004f D4020000 		.4byte	.LASF4
  69 0053 03       		.uleb128 0x3
  70 0054 02       		.byte	0x2
  71 0055 05       		.byte	0x5
  72 0056 60010000 		.4byte	.LASF5
  73 005a 04       		.uleb128 0x4
  74 005b 89010000 		.4byte	.LASF7
  75 005f 01       		.byte	0x1
  76 0060 39       		.byte	0x39
  77 0061 19       		.byte	0x19
  78 0062 66000000 		.4byte	0x66
  79 0066 03       		.uleb128 0x3
  80 0067 02       		.byte	0x2
  81 0068 07       		.byte	0x7
  82 0069 3C040000 		.4byte	.LASF8
  83 006d 04       		.uleb128 0x4
  84 006e AD040000 		.4byte	.LASF9
  85 0072 01       		.byte	0x1
  86 0073 4D       		.byte	0x4d
  87 0074 18       		.byte	0x18
  88 0075 79000000 		.4byte	0x79
  89 0079 03       		.uleb128 0x3
  90 007a 04       		.byte	0x4
  91 007b 05       		.byte	0x5
  92 007c 69020000 		.4byte	.LASF10
  93 0080 04       		.uleb128 0x4
  94 0081 80040000 		.4byte	.LASF11
  95 0085 01       		.byte	0x1
  96 0086 4F       		.byte	0x4f
  97 0087 19       		.byte	0x19
  98 0088 8C000000 		.4byte	0x8c
  99 008c 03       		.uleb128 0x3
 100 008d 04       		.byte	0x4
 101 008e 07       		.byte	0x7
 102 008f 58040000 		.4byte	.LASF12
 103 0093 04       		.uleb128 0x4
 104 0094 1E040000 		.4byte	.LASF13
 105 0098 01       		.byte	0x1
 106 0099 69       		.byte	0x69
 107 009a 19       		.byte	0x19
 108 009b 9F000000 		.4byte	0x9f
 109 009f 03       		.uleb128 0x3
 110 00a0 08       		.byte	0x8
 111 00a1 07       		.byte	0x7
 112 00a2 44020000 		.4byte	.LASF14
 113 00a6 04       		.uleb128 0x4
 114 00a7 DA010000 		.4byte	.LASF15
ARM GAS  /tmp/ccqgvWzf.s 			page 3


 115 00ab 02       		.byte	0x2
 116 00ac 18       		.byte	0x18
 117 00ad 13       		.byte	0x13
 118 00ae 40000000 		.4byte	0x40
 119 00b2 04       		.uleb128 0x4
 120 00b3 3F030000 		.4byte	.LASF16
 121 00b7 02       		.byte	0x2
 122 00b8 24       		.byte	0x24
 123 00b9 14       		.byte	0x14
 124 00ba 5A000000 		.4byte	0x5a
 125 00be 04       		.uleb128 0x4
 126 00bf D7030000 		.4byte	.LASF17
 127 00c3 02       		.byte	0x2
 128 00c4 2C       		.byte	0x2c
 129 00c5 13       		.byte	0x13
 130 00c6 6D000000 		.4byte	0x6d
 131 00ca 04       		.uleb128 0x4
 132 00cb 01030000 		.4byte	.LASF18
 133 00cf 02       		.byte	0x2
 134 00d0 30       		.byte	0x30
 135 00d1 14       		.byte	0x14
 136 00d2 80000000 		.4byte	0x80
 137 00d6 04       		.uleb128 0x4
 138 00d7 57010000 		.4byte	.LASF19
 139 00db 02       		.byte	0x2
 140 00dc 3C       		.byte	0x3c
 141 00dd 14       		.byte	0x14
 142 00de 93000000 		.4byte	0x93
 143 00e2 04       		.uleb128 0x4
 144 00e3 A0010000 		.4byte	.LASF20
 145 00e7 03       		.byte	0x3
 146 00e8 3C       		.byte	0x3c
 147 00e9 1D       		.byte	0x1d
 148 00ea A6000000 		.4byte	0xa6
 149 00ee 04       		.uleb128 0x4
 150 00ef 4F040000 		.4byte	.LASF21
 151 00f3 03       		.byte	0x3
 152 00f4 3D       		.byte	0x3d
 153 00f5 1D       		.byte	0x1d
 154 00f6 A6000000 		.4byte	0xa6
 155 00fa 04       		.uleb128 0x4
 156 00fb 09000000 		.4byte	.LASF22
 157 00ff 03       		.byte	0x3
 158 0100 3E       		.byte	0x3e
 159 0101 1D       		.byte	0x1d
 160 0102 A6000000 		.4byte	0xa6
 161 0106 04       		.uleb128 0x4
 162 0107 5B020000 		.4byte	.LASF23
 163 010b 03       		.byte	0x3
 164 010c 40       		.byte	0x40
 165 010d 1D       		.byte	0x1d
 166 010e CA000000 		.4byte	0xca
 167 0112 04       		.uleb128 0x4
 168 0113 44050000 		.4byte	.LASF24
 169 0117 03       		.byte	0x3
 170 0118 41       		.byte	0x41
 171 0119 1D       		.byte	0x1d
ARM GAS  /tmp/ccqgvWzf.s 			page 4


 172 011a BE000000 		.4byte	0xbe
 173 011e 04       		.uleb128 0x4
 174 011f 94010000 		.4byte	.LASF25
 175 0123 03       		.byte	0x3
 176 0124 43       		.byte	0x43
 177 0125 1D       		.byte	0x1d
 178 0126 CA000000 		.4byte	0xca
 179 012a 04       		.uleb128 0x4
 180 012b DF030000 		.4byte	.LASF26
 181 012f 03       		.byte	0x3
 182 0130 45       		.byte	0x45
 183 0131 1D       		.byte	0x1d
 184 0132 BE000000 		.4byte	0xbe
 185 0136 04       		.uleb128 0x4
 186 0137 A9030000 		.4byte	.LASF27
 187 013b 04       		.byte	0x4
 188 013c 33       		.byte	0x33
 189 013d 12       		.byte	0x12
 190 013e CA000000 		.4byte	0xca
 191 0142 04       		.uleb128 0x4
 192 0143 00000000 		.4byte	.LASF28
 193 0147 04       		.byte	0x4
 194 0148 3F       		.byte	0x3f
 195 0149 1A       		.byte	0x1a
 196 014a 4E010000 		.4byte	0x14e
 197 014e 05       		.uleb128 0x5
 198 014f 06020000 		.4byte	.LASF44
 199 0153 38       		.byte	0x38
 200 0154 05       		.byte	0x5
 201 0155 9A       		.byte	0x9a
 202 0156 08       		.byte	0x8
 203 0157 22020000 		.4byte	0x222
 204 015b 06       		.uleb128 0x6
 205 015c BD020000 		.4byte	.LASF29
 206 0160 05       		.byte	0x5
 207 0161 9B       		.byte	0x9b
 208 0162 19       		.byte	0x19
 209 0163 5B020000 		.4byte	0x25b
 210 0167 00       		.byte	0
 211 0168 06       		.uleb128 0x6
 212 0169 4A050000 		.4byte	.LASF30
 213 016d 05       		.byte	0x5
 214 016e 9C       		.byte	0x9c
 215 016f 19       		.byte	0x19
 216 0170 06010000 		.4byte	0x106
 217 0174 08       		.byte	0x8
 218 0175 07       		.uleb128 0x7
 219 0176 63747800 		.ascii	"ctx\000"
 220 017a 05       		.byte	0x5
 221 017b 9D       		.byte	0x9d
 222 017c 19       		.byte	0x19
 223 017d 71040000 		.4byte	0x471
 224 0181 0C       		.byte	0xc
 225 0182 06       		.uleb128 0x6
 226 0183 B7020000 		.4byte	.LASF31
 227 0187 05       		.byte	0x5
 228 0188 9F       		.byte	0x9f
ARM GAS  /tmp/ccqgvWzf.s 			page 5


 229 0189 1A       		.byte	0x1a
 230 018a 2E020000 		.4byte	0x22e
 231 018e 10       		.byte	0x10
 232 018f 06       		.uleb128 0x6
 233 0190 10020000 		.4byte	.LASF32
 234 0194 05       		.byte	0x5
 235 0195 A0       		.byte	0xa0
 236 0196 1A       		.byte	0x1a
 237 0197 2E020000 		.4byte	0x22e
 238 019b 14       		.byte	0x14
 239 019c 06       		.uleb128 0x6
 240 019d C3020000 		.4byte	.LASF33
 241 01a1 05       		.byte	0x5
 242 01a2 A7       		.byte	0xa7
 243 01a3 1A       		.byte	0x1a
 244 01a4 AF050000 		.4byte	0x5af
 245 01a8 18       		.byte	0x18
 246 01a9 06       		.uleb128 0x6
 247 01aa 16020000 		.4byte	.LASF34
 248 01ae 05       		.byte	0x5
 249 01af B0       		.byte	0xb0
 250 01b0 1A       		.byte	0x1a
 251 01b1 C6050000 		.4byte	0x5c6
 252 01b5 1C       		.byte	0x1c
 253 01b6 06       		.uleb128 0x6
 254 01b7 51010000 		.4byte	.LASF35
 255 01bb 05       		.byte	0x5
 256 01bc B5       		.byte	0xb5
 257 01bd 19       		.byte	0x19
 258 01be EE000000 		.4byte	0xee
 259 01c2 20       		.byte	0x20
 260 01c3 06       		.uleb128 0x6
 261 01c4 FB020000 		.4byte	.LASF36
 262 01c8 05       		.byte	0x5
 263 01c9 B9       		.byte	0xb9
 264 01ca 19       		.byte	0x19
 265 01cb E2000000 		.4byte	0xe2
 266 01cf 21       		.byte	0x21
 267 01d0 06       		.uleb128 0x6
 268 01d1 2E040000 		.4byte	.LASF37
 269 01d5 05       		.byte	0x5
 270 01d6 BE       		.byte	0xbe
 271 01d7 19       		.byte	0x19
 272 01d8 FA000000 		.4byte	0xfa
 273 01dc 22       		.byte	0x22
 274 01dd 08       		.uleb128 0x8
 275 01de 7500     		.ascii	"u\000"
 276 01e0 05       		.byte	0x5
 277 01e1 0F01     		.2byte	0x10f
 278 01e3 19       		.byte	0x19
 279 01e4 0D050000 		.4byte	0x50d
 280 01e8 24       		.byte	0x24
 281 01e9 09       		.uleb128 0x9
 282 01ea 0B050000 		.4byte	.LASF38
 283 01ee 05       		.byte	0x5
 284 01ef 1401     		.2byte	0x114
 285 01f1 19       		.byte	0x19
ARM GAS  /tmp/ccqgvWzf.s 			page 6


 286 01f2 34020000 		.4byte	0x234
 287 01f6 28       		.byte	0x28
 288 01f7 09       		.uleb128 0x9
 289 01f8 40010000 		.4byte	.LASF39
 290 01fc 05       		.byte	0x5
 291 01fd 2001     		.2byte	0x120
 292 01ff 19       		.byte	0x19
 293 0200 1E010000 		.4byte	0x11e
 294 0204 2C       		.byte	0x2c
 295 0205 09       		.uleb128 0x9
 296 0206 D1040000 		.4byte	.LASF40
 297 020a 05       		.byte	0x5
 298 020b 2701     		.2byte	0x127
 299 020d 1A       		.byte	0x1a
 300 020e A9050000 		.4byte	0x5a9
 301 0212 30       		.byte	0x30
 302 0213 09       		.uleb128 0x9
 303 0214 E5030000 		.4byte	.LASF41
 304 0218 05       		.byte	0x5
 305 0219 2B01     		.2byte	0x12b
 306 021b 19       		.byte	0x19
 307 021c 06010000 		.4byte	0x106
 308 0220 34       		.byte	0x34
 309 0221 00       		.byte	0
 310 0222 04       		.uleb128 0x4
 311 0223 B7040000 		.4byte	.LASF42
 312 0227 04       		.byte	0x4
 313 0228 44       		.byte	0x44
 314 0229 14       		.byte	0x14
 315 022a 2E020000 		.4byte	0x22e
 316 022e 0A       		.uleb128 0xa
 317 022f 04       		.byte	0x4
 318 0230 42010000 		.4byte	0x142
 319 0234 04       		.uleb128 0x4
 320 0235 68050000 		.4byte	.LASF43
 321 0239 04       		.byte	0x4
 322 023a 49       		.byte	0x49
 323 023b 20       		.byte	0x20
 324 023c 40020000 		.4byte	0x240
 325 0240 05       		.uleb128 0x5
 326 0241 A8010000 		.4byte	.LASF45
 327 0245 04       		.byte	0x4
 328 0246 05       		.byte	0x5
 329 0247 88       		.byte	0x88
 330 0248 08       		.byte	0x8
 331 0249 5B020000 		.4byte	0x25b
 332 024d 06       		.uleb128 0x6
 333 024e 54050000 		.4byte	.LASF46
 334 0252 05       		.byte	0x5
 335 0253 89       		.byte	0x89
 336 0254 1A       		.byte	0x1a
 337 0255 2E020000 		.4byte	0x22e
 338 0259 00       		.byte	0
 339 025a 00       		.byte	0
 340 025b 04       		.uleb128 0x4
 341 025c 7B030000 		.4byte	.LASF47
 342 0260 04       		.byte	0x4
ARM GAS  /tmp/ccqgvWzf.s 			page 7


 343 0261 50       		.byte	0x50
 344 0262 21       		.byte	0x21
 345 0263 67020000 		.4byte	0x267
 346 0267 05       		.uleb128 0x5
 347 0268 E2010000 		.4byte	.LASF48
 348 026c 08       		.byte	0x8
 349 026d 05       		.byte	0x5
 350 026e 8F       		.byte	0x8f
 351 026f 08       		.byte	0x8
 352 0270 8F020000 		.4byte	0x28f
 353 0274 06       		.uleb128 0x6
 354 0275 54050000 		.4byte	.LASF46
 355 0279 05       		.byte	0x5
 356 027a 90       		.byte	0x90
 357 027b 1A       		.byte	0x1a
 358 027c 2E020000 		.4byte	0x22e
 359 0280 00       		.byte	0
 360 0281 06       		.uleb128 0x6
 361 0282 21050000 		.4byte	.LASF49
 362 0286 05       		.byte	0x5
 363 0287 91       		.byte	0x91
 364 0288 1A       		.byte	0x1a
 365 0289 2E020000 		.4byte	0x22e
 366 028d 04       		.byte	0x4
 367 028e 00       		.byte	0
 368 028f 04       		.uleb128 0x4
 369 0290 F6040000 		.4byte	.LASF50
 370 0294 04       		.byte	0x4
 371 0295 57       		.byte	0x57
 372 0296 1E       		.byte	0x1e
 373 0297 9B020000 		.4byte	0x29b
 374 029b 0B       		.uleb128 0xb
 375 029c 13050000 		.4byte	.LASF51
 376 02a0 1C       		.byte	0x1c
 377 02a1 05       		.byte	0x5
 378 02a2 6A01     		.2byte	0x16a
 379 02a4 08       		.byte	0x8
 380 02a5 FE020000 		.4byte	0x2fe
 381 02a9 09       		.uleb128 0x9
 382 02aa BD020000 		.4byte	.LASF29
 383 02ae 05       		.byte	0x5
 384 02af 6B01     		.2byte	0x16b
 385 02b1 19       		.byte	0x19
 386 02b2 5B020000 		.4byte	0x25b
 387 02b6 00       		.byte	0
 388 02b7 09       		.uleb128 0x9
 389 02b8 4A050000 		.4byte	.LASF30
 390 02bc 05       		.byte	0x5
 391 02bd 6C01     		.2byte	0x16c
 392 02bf 19       		.byte	0x19
 393 02c0 06010000 		.4byte	0x106
 394 02c4 08       		.byte	0x8
 395 02c5 08       		.uleb128 0x8
 396 02c6 63747800 		.ascii	"ctx\000"
 397 02ca 05       		.byte	0x5
 398 02cb 6E01     		.2byte	0x16e
 399 02cd 19       		.byte	0x19
ARM GAS  /tmp/ccqgvWzf.s 			page 8


 400 02ce 71040000 		.4byte	0x471
 401 02d2 0C       		.byte	0xc
 402 02d3 09       		.uleb128 0x9
 403 02d4 B7020000 		.4byte	.LASF31
 404 02d8 05       		.byte	0x5
 405 02d9 7101     		.2byte	0x171
 406 02db 1A       		.byte	0x1a
 407 02dc 2E020000 		.4byte	0x22e
 408 02e0 10       		.byte	0x10
 409 02e1 09       		.uleb128 0x9
 410 02e2 10020000 		.4byte	.LASF32
 411 02e6 05       		.byte	0x5
 412 02e7 7201     		.2byte	0x172
 413 02e9 1A       		.byte	0x1a
 414 02ea 2E020000 		.4byte	0x22e
 415 02ee 14       		.byte	0x14
 416 02ef 09       		.uleb128 0x9
 417 02f0 03050000 		.4byte	.LASF52
 418 02f4 05       		.byte	0x5
 419 02f5 7501     		.2byte	0x175
 420 02f7 1A       		.byte	0x1a
 421 02f8 2E020000 		.4byte	0x22e
 422 02fc 18       		.byte	0x18
 423 02fd 00       		.byte	0
 424 02fe 04       		.uleb128 0x4
 425 02ff ED040000 		.4byte	.LASF53
 426 0303 04       		.byte	0x4
 427 0304 5C       		.byte	0x5c
 428 0305 10       		.byte	0x10
 429 0306 0A030000 		.4byte	0x30a
 430 030a 0A       		.uleb128 0xa
 431 030b 04       		.byte	0x4
 432 030c 10030000 		.4byte	0x310
 433 0310 0C       		.uleb128 0xc
 434 0311 1B030000 		.4byte	0x31b
 435 0315 0D       		.uleb128 0xd
 436 0316 1B030000 		.4byte	0x31b
 437 031a 00       		.byte	0
 438 031b 0E       		.uleb128 0xe
 439 031c 04       		.byte	0x4
 440 031d 04       		.uleb128 0x4
 441 031e 95020000 		.4byte	.LASF54
 442 0322 04       		.byte	0x4
 443 0323 61       		.byte	0x61
 444 0324 21       		.byte	0x21
 445 0325 29030000 		.4byte	0x329
 446 0329 0B       		.uleb128 0xb
 447 032a C6030000 		.4byte	.LASF55
 448 032e 14       		.byte	0x14
 449 032f 05       		.byte	0x5
 450 0330 4501     		.2byte	0x145
 451 0332 08       		.byte	0x8
 452 0333 7E030000 		.4byte	0x37e
 453 0337 09       		.uleb128 0x9
 454 0338 54050000 		.4byte	.LASF46
 455 033c 05       		.byte	0x5
 456 033d 4601     		.2byte	0x146
ARM GAS  /tmp/ccqgvWzf.s 			page 9


 457 033f 1A       		.byte	0x1a
 458 0340 CC050000 		.4byte	0x5cc
 459 0344 00       		.byte	0
 460 0345 09       		.uleb128 0x9
 461 0346 21050000 		.4byte	.LASF49
 462 034a 05       		.byte	0x5
 463 034b 4701     		.2byte	0x147
 464 034d 1A       		.byte	0x1a
 465 034e CC050000 		.4byte	0x5cc
 466 0352 04       		.byte	0x4
 467 0353 09       		.uleb128 0x9
 468 0354 79010000 		.4byte	.LASF56
 469 0358 05       		.byte	0x5
 470 0359 4801     		.2byte	0x148
 471 035b 19       		.byte	0x19
 472 035c 36010000 		.4byte	0x136
 473 0360 08       		.byte	0x8
 474 0361 09       		.uleb128 0x9
 475 0362 31020000 		.4byte	.LASF57
 476 0366 05       		.byte	0x5
 477 0367 4901     		.2byte	0x149
 478 0369 19       		.byte	0x19
 479 036a FE020000 		.4byte	0x2fe
 480 036e 0C       		.byte	0xc
 481 036f 08       		.uleb128 0x8
 482 0370 70617200 		.ascii	"par\000"
 483 0374 05       		.byte	0x5
 484 0375 4B01     		.2byte	0x14b
 485 0377 1A       		.byte	0x1a
 486 0378 1B030000 		.4byte	0x31b
 487 037c 10       		.byte	0x10
 488 037d 00       		.byte	0
 489 037e 04       		.uleb128 0x4
 490 037f 5C030000 		.4byte	.LASF58
 491 0383 04       		.byte	0x4
 492 0384 66       		.byte	0x66
 493 0385 28       		.byte	0x28
 494 0386 8A030000 		.4byte	0x38a
 495 038a 0B       		.uleb128 0xb
 496 038b 26050000 		.4byte	.LASF59
 497 038f 10       		.byte	0x10
 498 0390 05       		.byte	0x5
 499 0391 5501     		.2byte	0x155
 500 0393 08       		.byte	0x8
 501 0394 D1030000 		.4byte	0x3d1
 502 0398 09       		.uleb128 0x9
 503 0399 54050000 		.4byte	.LASF46
 504 039d 05       		.byte	0x5
 505 039e 5601     		.2byte	0x156
 506 03a0 1A       		.byte	0x1a
 507 03a1 CC050000 		.4byte	0x5cc
 508 03a5 00       		.byte	0
 509 03a6 09       		.uleb128 0x9
 510 03a7 21050000 		.4byte	.LASF49
 511 03ab 05       		.byte	0x5
 512 03ac 5801     		.2byte	0x158
 513 03ae 1A       		.byte	0x1a
ARM GAS  /tmp/ccqgvWzf.s 			page 10


 514 03af CC050000 		.4byte	0x5cc
 515 03b3 04       		.byte	0x4
 516 03b4 09       		.uleb128 0x9
 517 03b5 79010000 		.4byte	.LASF56
 518 03b9 05       		.byte	0x5
 519 03ba 5A01     		.2byte	0x15a
 520 03bc 19       		.byte	0x19
 521 03bd 36010000 		.4byte	0x136
 522 03c1 08       		.byte	0x8
 523 03c2 09       		.uleb128 0x9
 524 03c3 33040000 		.4byte	.LASF60
 525 03c7 05       		.byte	0x5
 526 03c8 6201     		.2byte	0x162
 527 03ca 19       		.byte	0x19
 528 03cb 36010000 		.4byte	0x136
 529 03cf 0C       		.byte	0xc
 530 03d0 00       		.byte	0
 531 03d1 04       		.uleb128 0x4
 532 03d2 6A010000 		.4byte	.LASF61
 533 03d6 04       		.byte	0x4
 534 03d7 6B       		.byte	0x6b
 535 03d8 20       		.byte	0x20
 536 03d9 DD030000 		.4byte	0x3dd
 537 03dd 0B       		.uleb128 0xb
 538 03de 30010000 		.4byte	.LASF62
 539 03e2 04       		.byte	0x4
 540 03e3 05       		.byte	0x5
 541 03e4 7C01     		.2byte	0x17c
 542 03e6 08       		.byte	0x8
 543 03e7 FA030000 		.4byte	0x3fa
 544 03eb 09       		.uleb128 0x9
 545 03ec 76040000 		.4byte	.LASF63
 546 03f0 05       		.byte	0x5
 547 03f1 8401     		.2byte	0x184
 548 03f3 24       		.byte	0x24
 549 03f4 B5050000 		.4byte	0x5b5
 550 03f8 00       		.byte	0
 551 03f9 00       		.byte	0
 552 03fa 04       		.uleb128 0x4
 553 03fb 72020000 		.4byte	.LASF64
 554 03ff 04       		.byte	0x4
 555 0400 70       		.byte	0x70
 556 0401 1A       		.byte	0x1a
 557 0402 06040000 		.4byte	0x406
 558 0406 0B       		.uleb128 0xb
 559 0407 52030000 		.4byte	.LASF65
 560 040b 68       		.byte	0x68
 561 040c 05       		.byte	0x5
 562 040d 9C01     		.2byte	0x19c
 563 040f 08       		.byte	0x8
 564 0410 4D040000 		.4byte	0x44d
 565 0414 09       		.uleb128 0x9
 566 0415 B3030000 		.4byte	.LASF66
 567 0419 05       		.byte	0x5
 568 041a A001     		.2byte	0x1a0
 569 041c 19       		.byte	0x19
 570 041d 8F020000 		.4byte	0x28f
ARM GAS  /tmp/ccqgvWzf.s 			page 11


 571 0421 00       		.byte	0
 572 0422 09       		.uleb128 0x9
 573 0423 B8010000 		.4byte	.LASF67
 574 0427 05       		.byte	0x5
 575 0428 A401     		.2byte	0x1a4
 576 042a 19       		.byte	0x19
 577 042b 7E030000 		.4byte	0x37e
 578 042f 1C       		.byte	0x1c
 579 0430 08       		.uleb128 0x8
 580 0431 64626700 		.ascii	"dbg\000"
 581 0435 05       		.byte	0x5
 582 0436 A801     		.2byte	0x1a8
 583 0438 19       		.byte	0x19
 584 0439 D1030000 		.4byte	0x3d1
 585 043d 2C       		.byte	0x2c
 586 043e 09       		.uleb128 0x9
 587 043f 26020000 		.4byte	.LASF68
 588 0443 05       		.byte	0x5
 589 0444 AC01     		.2byte	0x1ac
 590 0446 19       		.byte	0x19
 591 0447 42010000 		.4byte	0x142
 592 044b 30       		.byte	0x30
 593 044c 00       		.byte	0
 594 044d 0F       		.uleb128 0xf
 595 044e 0E040000 		.4byte	.LASF82
 596 0452 09       		.byte	0x9
 597 0453 4C       		.byte	0x4c
 598 0454 11       		.byte	0x11
 599 0455 CA000000 		.4byte	0xca
 600 0459 04       		.uleb128 0x4
 601 045a D1010000 		.4byte	.LASF69
 602 045e 06       		.byte	0x6
 603 045f 65       		.byte	0x65
 604 0460 0F       		.byte	0xf
 605 0461 1B030000 		.4byte	0x31b
 606 0465 04       		.uleb128 0x4
 607 0466 D9040000 		.4byte	.LASF70
 608 046a 06       		.byte	0x6
 609 046b 6D       		.byte	0x6d
 610 046c 12       		.byte	0x12
 611 046d D6000000 		.4byte	0xd6
 612 0471 05       		.uleb128 0x5
 613 0472 88020000 		.4byte	.LASF71
 614 0476 04       		.byte	0x4
 615 0477 06       		.byte	0x6
 616 0478 89       		.byte	0x89
 617 0479 08       		.byte	0x8
 618 047a 8B040000 		.4byte	0x48b
 619 047e 07       		.uleb128 0x7
 620 047f 737000   		.ascii	"sp\000"
 621 0482 06       		.byte	0x6
 622 0483 8A       		.byte	0x8a
 623 0484 17       		.byte	0x17
 624 0485 07050000 		.4byte	0x507
 625 0489 00       		.byte	0
 626 048a 00       		.byte	0
 627 048b 05       		.uleb128 0x5
ARM GAS  /tmp/ccqgvWzf.s 			page 12


 628 048c 98040000 		.4byte	.LASF72
 629 0490 24       		.byte	0x24
 630 0491 07       		.byte	0x7
 631 0492 C3       		.byte	0xc3
 632 0493 08       		.byte	0x8
 633 0494 07050000 		.4byte	0x507
 634 0498 07       		.uleb128 0x7
 635 0499 723800   		.ascii	"r8\000"
 636 049c 07       		.byte	0x7
 637 049d C4       		.byte	0xc4
 638 049e 11       		.byte	0x11
 639 049f 59040000 		.4byte	0x459
 640 04a3 00       		.byte	0
 641 04a4 07       		.uleb128 0x7
 642 04a5 723900   		.ascii	"r9\000"
 643 04a8 07       		.byte	0x7
 644 04a9 C5       		.byte	0xc5
 645 04aa 11       		.byte	0x11
 646 04ab 59040000 		.4byte	0x459
 647 04af 04       		.byte	0x4
 648 04b0 07       		.uleb128 0x7
 649 04b1 72313000 		.ascii	"r10\000"
 650 04b5 07       		.byte	0x7
 651 04b6 C6       		.byte	0xc6
 652 04b7 11       		.byte	0x11
 653 04b8 59040000 		.4byte	0x459
 654 04bc 08       		.byte	0x8
 655 04bd 07       		.uleb128 0x7
 656 04be 72313100 		.ascii	"r11\000"
 657 04c2 07       		.byte	0x7
 658 04c3 C7       		.byte	0xc7
 659 04c4 11       		.byte	0x11
 660 04c5 59040000 		.4byte	0x459
 661 04c9 0C       		.byte	0xc
 662 04ca 07       		.uleb128 0x7
 663 04cb 723400   		.ascii	"r4\000"
 664 04ce 07       		.byte	0x7
 665 04cf C8       		.byte	0xc8
 666 04d0 11       		.byte	0x11
 667 04d1 59040000 		.4byte	0x459
 668 04d5 10       		.byte	0x10
 669 04d6 07       		.uleb128 0x7
 670 04d7 723500   		.ascii	"r5\000"
 671 04da 07       		.byte	0x7
 672 04db C9       		.byte	0xc9
 673 04dc 11       		.byte	0x11
 674 04dd 59040000 		.4byte	0x459
 675 04e1 14       		.byte	0x14
 676 04e2 07       		.uleb128 0x7
 677 04e3 723600   		.ascii	"r6\000"
 678 04e6 07       		.byte	0x7
 679 04e7 CA       		.byte	0xca
 680 04e8 11       		.byte	0x11
 681 04e9 59040000 		.4byte	0x459
 682 04ed 18       		.byte	0x18
 683 04ee 07       		.uleb128 0x7
 684 04ef 723700   		.ascii	"r7\000"
ARM GAS  /tmp/ccqgvWzf.s 			page 13


 685 04f2 07       		.byte	0x7
 686 04f3 CB       		.byte	0xcb
 687 04f4 11       		.byte	0x11
 688 04f5 59040000 		.4byte	0x459
 689 04f9 1C       		.byte	0x1c
 690 04fa 07       		.uleb128 0x7
 691 04fb 6C7200   		.ascii	"lr\000"
 692 04fe 07       		.byte	0x7
 693 04ff CC       		.byte	0xcc
 694 0500 11       		.byte	0x11
 695 0501 59040000 		.4byte	0x459
 696 0505 20       		.byte	0x20
 697 0506 00       		.byte	0
 698 0507 0A       		.uleb128 0xa
 699 0508 04       		.byte	0x4
 700 0509 8B040000 		.4byte	0x48b
 701 050d 10       		.uleb128 0x10
 702 050e 04       		.byte	0x4
 703 050f 05       		.byte	0x5
 704 0510 D2       		.byte	0xd2
 705 0511 03       		.byte	0x3
 706 0512 61050000 		.4byte	0x561
 707 0516 11       		.uleb128 0x11
 708 0517 3D050000 		.4byte	.LASF73
 709 051b 05       		.byte	0x5
 710 051c D9       		.byte	0xd9
 711 051d 19       		.byte	0x19
 712 051e 12010000 		.4byte	0x112
 713 0522 11       		.uleb128 0x11
 714 0523 E4040000 		.4byte	.LASF74
 715 0527 05       		.byte	0x5
 716 0528 E0       		.byte	0xe0
 717 0529 19       		.byte	0x19
 718 052a 12010000 		.4byte	0x112
 719 052e 11       		.uleb128 0x11
 720 052f CA040000 		.4byte	.LASF75
 721 0533 05       		.byte	0x5
 722 0534 E7       		.byte	0xe7
 723 0535 1A       		.byte	0x1a
 724 0536 1B030000 		.4byte	0x31b
 725 053a 11       		.uleb128 0x11
 726 053b 63020000 		.4byte	.LASF76
 727 053f 05       		.byte	0x5
 728 0540 EE       		.byte	0xee
 729 0541 1A       		.byte	0x1a
 730 0542 61050000 		.4byte	0x561
 731 0546 12       		.uleb128 0x12
 732 0547 59050000 		.4byte	.LASF77
 733 054b 05       		.byte	0x5
 734 054c 0501     		.2byte	0x105
 735 054e 1A       		.byte	0x1a
 736 054f A9050000 		.4byte	0x5a9
 737 0553 12       		.uleb128 0x12
 738 0554 E8020000 		.4byte	.LASF78
 739 0558 05       		.byte	0x5
 740 0559 0D01     		.2byte	0x10d
 741 055b 19       		.byte	0x19
ARM GAS  /tmp/ccqgvWzf.s 			page 14


 742 055c 1E010000 		.4byte	0x11e
 743 0560 00       		.byte	0
 744 0561 0A       		.uleb128 0xa
 745 0562 04       		.byte	0x4
 746 0563 22020000 		.4byte	0x222
 747 0567 05       		.uleb128 0x5
 748 0568 FD010000 		.4byte	.LASF79
 749 056c 14       		.byte	0x14
 750 056d 08       		.byte	0x8
 751 056e 39       		.byte	0x39
 752 056f 08       		.byte	0x8
 753 0570 A9050000 		.4byte	0x5a9
 754 0574 06       		.uleb128 0x6
 755 0575 BD020000 		.4byte	.LASF29
 756 0579 08       		.byte	0x8
 757 057a 3A       		.byte	0x3a
 758 057b 19       		.byte	0x19
 759 057c 5B020000 		.4byte	0x25b
 760 0580 00       		.byte	0
 761 0581 06       		.uleb128 0x6
 762 0582 E2020000 		.4byte	.LASF80
 763 0586 08       		.byte	0x8
 764 0587 3C       		.byte	0x3c
 765 0588 1A       		.byte	0x1a
 766 0589 2E020000 		.4byte	0x22e
 767 058d 08       		.byte	0x8
 768 058e 06       		.uleb128 0x6
 769 058f 54050000 		.4byte	.LASF46
 770 0593 08       		.byte	0x8
 771 0594 3E       		.byte	0x3e
 772 0595 1A       		.byte	0x1a
 773 0596 23070000 		.4byte	0x723
 774 059a 0C       		.byte	0xc
 775 059b 07       		.uleb128 0x7
 776 059c 636E7400 		.ascii	"cnt\000"
 777 05a0 08       		.byte	0x8
 778 05a1 41       		.byte	0x41
 779 05a2 19       		.byte	0x19
 780 05a3 2A010000 		.4byte	0x12a
 781 05a7 10       		.byte	0x10
 782 05a8 00       		.byte	0
 783 05a9 0A       		.uleb128 0xa
 784 05aa 04       		.byte	0x4
 785 05ab 67050000 		.4byte	0x567
 786 05af 0A       		.uleb128 0xa
 787 05b0 04       		.byte	0x4
 788 05b1 C1050000 		.4byte	0x5c1
 789 05b5 13       		.uleb128 0x13
 790 05b6 AF050000 		.4byte	0x5af
 791 05ba 03       		.uleb128 0x3
 792 05bb 01       		.byte	0x1
 793 05bc 08       		.byte	0x8
 794 05bd B9030000 		.4byte	.LASF81
 795 05c1 14       		.uleb128 0x14
 796 05c2 BA050000 		.4byte	0x5ba
 797 05c6 0A       		.uleb128 0xa
 798 05c7 04       		.byte	0x4
ARM GAS  /tmp/ccqgvWzf.s 			page 15


 799 05c8 65040000 		.4byte	0x465
 800 05cc 0A       		.uleb128 0xa
 801 05cd 04       		.byte	0x4
 802 05ce 1D030000 		.4byte	0x31d
 803 05d2 15       		.uleb128 0x15
 804 05d3 636800   		.ascii	"ch\000"
 805 05d6 05       		.byte	0x5
 806 05d7 D201     		.2byte	0x1d2
 807 05d9 14       		.byte	0x14
 808 05da FA030000 		.4byte	0x3fa
 809 05de 16       		.uleb128 0x16
 810 05df 65040000 		.4byte	0x465
 811 05e3 E9050000 		.4byte	0x5e9
 812 05e7 17       		.uleb128 0x17
 813 05e8 00       		.byte	0
 814 05e9 18       		.uleb128 0x18
 815 05ea BF010000 		.4byte	.LASF83
 816 05ee 0A       		.byte	0xa
 817 05ef 2B01     		.2byte	0x12b
 818 05f1 13       		.byte	0x13
 819 05f2 DE050000 		.4byte	0x5de
 820 05f6 19       		.uleb128 0x19
 821 05f7 16       		.byte	0x16
 822 05f8 0B       		.byte	0xb
 823 05f9 34       		.byte	0x34
 824 05fa 09       		.byte	0x9
 825 05fb EA060000 		.4byte	0x6ea
 826 05ff 06       		.uleb128 0x6
 827 0600 95030000 		.4byte	.LASF84
 828 0604 0B       		.byte	0xb
 829 0605 35       		.byte	0x35
 830 0606 0D       		.byte	0xd
 831 0607 EA060000 		.4byte	0x6ea
 832 060b 00       		.byte	0
 833 060c 06       		.uleb128 0x6
 834 060d 4F050000 		.4byte	.LASF85
 835 0611 0B       		.byte	0xb
 836 0612 36       		.byte	0x36
 837 0613 0D       		.byte	0xd
 838 0614 A6000000 		.4byte	0xa6
 839 0618 04       		.byte	0x4
 840 0619 06       		.uleb128 0x6
 841 061a 29040000 		.4byte	.LASF86
 842 061e 0B       		.byte	0xb
 843 061f 37       		.byte	0x37
 844 0620 0D       		.byte	0xd
 845 0621 A6000000 		.4byte	0xa6
 846 0625 05       		.byte	0x5
 847 0626 06       		.uleb128 0x6
 848 0627 60050000 		.4byte	.LASF87
 849 062b 0B       		.byte	0xb
 850 062c 38       		.byte	0x38
 851 062d 0D       		.byte	0xd
 852 062e B2000000 		.4byte	0xb2
 853 0632 06       		.byte	0x6
 854 0633 06       		.uleb128 0x6
 855 0634 49010000 		.4byte	.LASF88
ARM GAS  /tmp/ccqgvWzf.s 			page 16


 856 0638 0B       		.byte	0xb
 857 0639 39       		.byte	0x39
 858 063a 0D       		.byte	0xd
 859 063b A6000000 		.4byte	0xa6
 860 063f 08       		.byte	0x8
 861 0640 06       		.uleb128 0x6
 862 0641 1D020000 		.4byte	.LASF89
 863 0645 0B       		.byte	0xb
 864 0646 3A       		.byte	0x3a
 865 0647 0D       		.byte	0xd
 866 0648 A6000000 		.4byte	0xa6
 867 064c 09       		.byte	0x9
 868 064d 06       		.uleb128 0x6
 869 064e 25010000 		.4byte	.LASF90
 870 0652 0B       		.byte	0xb
 871 0653 3B       		.byte	0x3b
 872 0654 0D       		.byte	0xd
 873 0655 A6000000 		.4byte	0xa6
 874 0659 0A       		.byte	0xa
 875 065a 06       		.uleb128 0x6
 876 065b 72030000 		.4byte	.LASF91
 877 065f 0B       		.byte	0xb
 878 0660 3C       		.byte	0x3c
 879 0661 0D       		.byte	0xd
 880 0662 A6000000 		.4byte	0xa6
 881 0666 0B       		.byte	0xb
 882 0667 06       		.uleb128 0x6
 883 0668 AF020000 		.4byte	.LASF92
 884 066c 0B       		.byte	0xb
 885 066d 3D       		.byte	0x3d
 886 066e 0D       		.byte	0xd
 887 066f A6000000 		.4byte	0xa6
 888 0673 0C       		.byte	0xc
 889 0674 06       		.uleb128 0x6
 890 0675 F3010000 		.4byte	.LASF93
 891 0679 0B       		.byte	0xb
 892 067a 3E       		.byte	0x3e
 893 067b 0D       		.byte	0xd
 894 067c A6000000 		.4byte	0xa6
 895 0680 0D       		.byte	0xd
 896 0681 06       		.uleb128 0x6
 897 0682 8B030000 		.4byte	.LASF94
 898 0686 0B       		.byte	0xb
 899 0687 3F       		.byte	0x3f
 900 0688 0D       		.byte	0xd
 901 0689 A6000000 		.4byte	0xa6
 902 068d 0E       		.byte	0xe
 903 068e 06       		.uleb128 0x6
 904 068f 1C010000 		.4byte	.LASF95
 905 0693 0B       		.byte	0xb
 906 0694 40       		.byte	0x40
 907 0695 0D       		.byte	0xd
 908 0696 A6000000 		.4byte	0xa6
 909 069a 0F       		.byte	0xf
 910 069b 06       		.uleb128 0x6
 911 069c 8B040000 		.4byte	.LASF96
 912 06a0 0B       		.byte	0xb
ARM GAS  /tmp/ccqgvWzf.s 			page 17


 913 06a1 41       		.byte	0x41
 914 06a2 0D       		.byte	0xd
 915 06a3 A6000000 		.4byte	0xa6
 916 06a7 10       		.byte	0x10
 917 06a8 06       		.uleb128 0x6
 918 06a9 7E020000 		.4byte	.LASF97
 919 06ad 0B       		.byte	0xb
 920 06ae 42       		.byte	0x42
 921 06af 0D       		.byte	0xd
 922 06b0 A6000000 		.4byte	0xa6
 923 06b4 11       		.byte	0x11
 924 06b5 06       		.uleb128 0x6
 925 06b6 7F010000 		.4byte	.LASF98
 926 06ba 0B       		.byte	0xb
 927 06bb 43       		.byte	0x43
 928 06bc 0D       		.byte	0xd
 929 06bd A6000000 		.4byte	0xa6
 930 06c1 12       		.byte	0x12
 931 06c2 06       		.uleb128 0x6
 932 06c3 A4040000 		.4byte	.LASF99
 933 06c7 0B       		.byte	0xb
 934 06c8 44       		.byte	0x44
 935 06c9 0D       		.byte	0xd
 936 06ca A6000000 		.4byte	0xa6
 937 06ce 13       		.byte	0x13
 938 06cf 06       		.uleb128 0x6
 939 06d0 6A040000 		.4byte	.LASF100
 940 06d4 0B       		.byte	0xb
 941 06d5 45       		.byte	0x45
 942 06d6 0D       		.byte	0xd
 943 06d7 A6000000 		.4byte	0xa6
 944 06db 14       		.byte	0x14
 945 06dc 06       		.uleb128 0x6
 946 06dd 05040000 		.4byte	.LASF101
 947 06e1 0B       		.byte	0xb
 948 06e2 46       		.byte	0x46
 949 06e3 0D       		.byte	0xd
 950 06e4 A6000000 		.4byte	0xa6
 951 06e8 15       		.byte	0x15
 952 06e9 00       		.byte	0
 953 06ea 16       		.uleb128 0x16
 954 06eb BA050000 		.4byte	0x5ba
 955 06ef FA060000 		.4byte	0x6fa
 956 06f3 1A       		.uleb128 0x1a
 957 06f4 24000000 		.4byte	0x24
 958 06f8 03       		.byte	0x3
 959 06f9 00       		.byte	0
 960 06fa 04       		.uleb128 0x4
 961 06fb 48030000 		.4byte	.LASF102
 962 06ff 0B       		.byte	0xb
 963 0700 47       		.byte	0x47
 964 0701 03       		.byte	0x3
 965 0702 F6050000 		.4byte	0x5f6
 966 0706 14       		.uleb128 0x14
 967 0707 FA060000 		.4byte	0x6fa
 968 070b 0F       		.uleb128 0xf
 969 070c A0030000 		.4byte	.LASF103
ARM GAS  /tmp/ccqgvWzf.s 			page 18


 970 0710 0B       		.byte	0xb
 971 0711 6C       		.byte	0x6c
 972 0712 1D       		.byte	0x1d
 973 0713 06070000 		.4byte	0x706
 974 0717 04       		.uleb128 0x4
 975 0718 BE030000 		.4byte	.LASF104
 976 071c 08       		.byte	0x8
 977 071d 34       		.byte	0x34
 978 071e 19       		.byte	0x19
 979 071f 67050000 		.4byte	0x567
 980 0723 0A       		.uleb128 0xa
 981 0724 04       		.byte	0x4
 982 0725 17070000 		.4byte	0x717
 983 0729 00       		.byte	0
 984              		.section	.debug_abbrev,"",%progbits
 985              	.Ldebug_abbrev0:
 986 0000 01       		.uleb128 0x1
 987 0001 11       		.uleb128 0x11
 988 0002 01       		.byte	0x1
 989 0003 25       		.uleb128 0x25
 990 0004 0E       		.uleb128 0xe
 991 0005 13       		.uleb128 0x13
 992 0006 0B       		.uleb128 0xb
 993 0007 03       		.uleb128 0x3
 994 0008 0E       		.uleb128 0xe
 995 0009 1B       		.uleb128 0x1b
 996 000a 0E       		.uleb128 0xe
 997 000b 10       		.uleb128 0x10
 998 000c 17       		.uleb128 0x17
 999 000d 00       		.byte	0
 1000 000e 00       		.byte	0
 1001 000f 02       		.uleb128 0x2
 1002 0010 24       		.uleb128 0x24
 1003 0011 00       		.byte	0
 1004 0012 0B       		.uleb128 0xb
 1005 0013 0B       		.uleb128 0xb
 1006 0014 3E       		.uleb128 0x3e
 1007 0015 0B       		.uleb128 0xb
 1008 0016 03       		.uleb128 0x3
 1009 0017 08       		.uleb128 0x8
 1010 0018 00       		.byte	0
 1011 0019 00       		.byte	0
 1012 001a 03       		.uleb128 0x3
 1013 001b 24       		.uleb128 0x24
 1014 001c 00       		.byte	0
 1015 001d 0B       		.uleb128 0xb
 1016 001e 0B       		.uleb128 0xb
 1017 001f 3E       		.uleb128 0x3e
 1018 0020 0B       		.uleb128 0xb
 1019 0021 03       		.uleb128 0x3
 1020 0022 0E       		.uleb128 0xe
 1021 0023 00       		.byte	0
 1022 0024 00       		.byte	0
 1023 0025 04       		.uleb128 0x4
 1024 0026 16       		.uleb128 0x16
 1025 0027 00       		.byte	0
 1026 0028 03       		.uleb128 0x3
ARM GAS  /tmp/ccqgvWzf.s 			page 19


 1027 0029 0E       		.uleb128 0xe
 1028 002a 3A       		.uleb128 0x3a
 1029 002b 0B       		.uleb128 0xb
 1030 002c 3B       		.uleb128 0x3b
 1031 002d 0B       		.uleb128 0xb
 1032 002e 39       		.uleb128 0x39
 1033 002f 0B       		.uleb128 0xb
 1034 0030 49       		.uleb128 0x49
 1035 0031 13       		.uleb128 0x13
 1036 0032 00       		.byte	0
 1037 0033 00       		.byte	0
 1038 0034 05       		.uleb128 0x5
 1039 0035 13       		.uleb128 0x13
 1040 0036 01       		.byte	0x1
 1041 0037 03       		.uleb128 0x3
 1042 0038 0E       		.uleb128 0xe
 1043 0039 0B       		.uleb128 0xb
 1044 003a 0B       		.uleb128 0xb
 1045 003b 3A       		.uleb128 0x3a
 1046 003c 0B       		.uleb128 0xb
 1047 003d 3B       		.uleb128 0x3b
 1048 003e 0B       		.uleb128 0xb
 1049 003f 39       		.uleb128 0x39
 1050 0040 0B       		.uleb128 0xb
 1051 0041 01       		.uleb128 0x1
 1052 0042 13       		.uleb128 0x13
 1053 0043 00       		.byte	0
 1054 0044 00       		.byte	0
 1055 0045 06       		.uleb128 0x6
 1056 0046 0D       		.uleb128 0xd
 1057 0047 00       		.byte	0
 1058 0048 03       		.uleb128 0x3
 1059 0049 0E       		.uleb128 0xe
 1060 004a 3A       		.uleb128 0x3a
 1061 004b 0B       		.uleb128 0xb
 1062 004c 3B       		.uleb128 0x3b
 1063 004d 0B       		.uleb128 0xb
 1064 004e 39       		.uleb128 0x39
 1065 004f 0B       		.uleb128 0xb
 1066 0050 49       		.uleb128 0x49
 1067 0051 13       		.uleb128 0x13
 1068 0052 38       		.uleb128 0x38
 1069 0053 0B       		.uleb128 0xb
 1070 0054 00       		.byte	0
 1071 0055 00       		.byte	0
 1072 0056 07       		.uleb128 0x7
 1073 0057 0D       		.uleb128 0xd
 1074 0058 00       		.byte	0
 1075 0059 03       		.uleb128 0x3
 1076 005a 08       		.uleb128 0x8
 1077 005b 3A       		.uleb128 0x3a
 1078 005c 0B       		.uleb128 0xb
 1079 005d 3B       		.uleb128 0x3b
 1080 005e 0B       		.uleb128 0xb
 1081 005f 39       		.uleb128 0x39
 1082 0060 0B       		.uleb128 0xb
 1083 0061 49       		.uleb128 0x49
ARM GAS  /tmp/ccqgvWzf.s 			page 20


 1084 0062 13       		.uleb128 0x13
 1085 0063 38       		.uleb128 0x38
 1086 0064 0B       		.uleb128 0xb
 1087 0065 00       		.byte	0
 1088 0066 00       		.byte	0
 1089 0067 08       		.uleb128 0x8
 1090 0068 0D       		.uleb128 0xd
 1091 0069 00       		.byte	0
 1092 006a 03       		.uleb128 0x3
 1093 006b 08       		.uleb128 0x8
 1094 006c 3A       		.uleb128 0x3a
 1095 006d 0B       		.uleb128 0xb
 1096 006e 3B       		.uleb128 0x3b
 1097 006f 05       		.uleb128 0x5
 1098 0070 39       		.uleb128 0x39
 1099 0071 0B       		.uleb128 0xb
 1100 0072 49       		.uleb128 0x49
 1101 0073 13       		.uleb128 0x13
 1102 0074 38       		.uleb128 0x38
 1103 0075 0B       		.uleb128 0xb
 1104 0076 00       		.byte	0
 1105 0077 00       		.byte	0
 1106 0078 09       		.uleb128 0x9
 1107 0079 0D       		.uleb128 0xd
 1108 007a 00       		.byte	0
 1109 007b 03       		.uleb128 0x3
 1110 007c 0E       		.uleb128 0xe
 1111 007d 3A       		.uleb128 0x3a
 1112 007e 0B       		.uleb128 0xb
 1113 007f 3B       		.uleb128 0x3b
 1114 0080 05       		.uleb128 0x5
 1115 0081 39       		.uleb128 0x39
 1116 0082 0B       		.uleb128 0xb
 1117 0083 49       		.uleb128 0x49
 1118 0084 13       		.uleb128 0x13
 1119 0085 38       		.uleb128 0x38
 1120 0086 0B       		.uleb128 0xb
 1121 0087 00       		.byte	0
 1122 0088 00       		.byte	0
 1123 0089 0A       		.uleb128 0xa
 1124 008a 0F       		.uleb128 0xf
 1125 008b 00       		.byte	0
 1126 008c 0B       		.uleb128 0xb
 1127 008d 0B       		.uleb128 0xb
 1128 008e 49       		.uleb128 0x49
 1129 008f 13       		.uleb128 0x13
 1130 0090 00       		.byte	0
 1131 0091 00       		.byte	0
 1132 0092 0B       		.uleb128 0xb
 1133 0093 13       		.uleb128 0x13
 1134 0094 01       		.byte	0x1
 1135 0095 03       		.uleb128 0x3
 1136 0096 0E       		.uleb128 0xe
 1137 0097 0B       		.uleb128 0xb
 1138 0098 0B       		.uleb128 0xb
 1139 0099 3A       		.uleb128 0x3a
 1140 009a 0B       		.uleb128 0xb
ARM GAS  /tmp/ccqgvWzf.s 			page 21


 1141 009b 3B       		.uleb128 0x3b
 1142 009c 05       		.uleb128 0x5
 1143 009d 39       		.uleb128 0x39
 1144 009e 0B       		.uleb128 0xb
 1145 009f 01       		.uleb128 0x1
 1146 00a0 13       		.uleb128 0x13
 1147 00a1 00       		.byte	0
 1148 00a2 00       		.byte	0
 1149 00a3 0C       		.uleb128 0xc
 1150 00a4 15       		.uleb128 0x15
 1151 00a5 01       		.byte	0x1
 1152 00a6 27       		.uleb128 0x27
 1153 00a7 19       		.uleb128 0x19
 1154 00a8 01       		.uleb128 0x1
 1155 00a9 13       		.uleb128 0x13
 1156 00aa 00       		.byte	0
 1157 00ab 00       		.byte	0
 1158 00ac 0D       		.uleb128 0xd
 1159 00ad 05       		.uleb128 0x5
 1160 00ae 00       		.byte	0
 1161 00af 49       		.uleb128 0x49
 1162 00b0 13       		.uleb128 0x13
 1163 00b1 00       		.byte	0
 1164 00b2 00       		.byte	0
 1165 00b3 0E       		.uleb128 0xe
 1166 00b4 0F       		.uleb128 0xf
 1167 00b5 00       		.byte	0
 1168 00b6 0B       		.uleb128 0xb
 1169 00b7 0B       		.uleb128 0xb
 1170 00b8 00       		.byte	0
 1171 00b9 00       		.byte	0
 1172 00ba 0F       		.uleb128 0xf
 1173 00bb 34       		.uleb128 0x34
 1174 00bc 00       		.byte	0
 1175 00bd 03       		.uleb128 0x3
 1176 00be 0E       		.uleb128 0xe
 1177 00bf 3A       		.uleb128 0x3a
 1178 00c0 0B       		.uleb128 0xb
 1179 00c1 3B       		.uleb128 0x3b
 1180 00c2 0B       		.uleb128 0xb
 1181 00c3 39       		.uleb128 0x39
 1182 00c4 0B       		.uleb128 0xb
 1183 00c5 49       		.uleb128 0x49
 1184 00c6 13       		.uleb128 0x13
 1185 00c7 3F       		.uleb128 0x3f
 1186 00c8 19       		.uleb128 0x19
 1187 00c9 3C       		.uleb128 0x3c
 1188 00ca 19       		.uleb128 0x19
 1189 00cb 00       		.byte	0
 1190 00cc 00       		.byte	0
 1191 00cd 10       		.uleb128 0x10
 1192 00ce 17       		.uleb128 0x17
 1193 00cf 01       		.byte	0x1
 1194 00d0 0B       		.uleb128 0xb
 1195 00d1 0B       		.uleb128 0xb
 1196 00d2 3A       		.uleb128 0x3a
 1197 00d3 0B       		.uleb128 0xb
ARM GAS  /tmp/ccqgvWzf.s 			page 22


 1198 00d4 3B       		.uleb128 0x3b
 1199 00d5 0B       		.uleb128 0xb
 1200 00d6 39       		.uleb128 0x39
 1201 00d7 0B       		.uleb128 0xb
 1202 00d8 01       		.uleb128 0x1
 1203 00d9 13       		.uleb128 0x13
 1204 00da 00       		.byte	0
 1205 00db 00       		.byte	0
 1206 00dc 11       		.uleb128 0x11
 1207 00dd 0D       		.uleb128 0xd
 1208 00de 00       		.byte	0
 1209 00df 03       		.uleb128 0x3
 1210 00e0 0E       		.uleb128 0xe
 1211 00e1 3A       		.uleb128 0x3a
 1212 00e2 0B       		.uleb128 0xb
 1213 00e3 3B       		.uleb128 0x3b
 1214 00e4 0B       		.uleb128 0xb
 1215 00e5 39       		.uleb128 0x39
 1216 00e6 0B       		.uleb128 0xb
 1217 00e7 49       		.uleb128 0x49
 1218 00e8 13       		.uleb128 0x13
 1219 00e9 00       		.byte	0
 1220 00ea 00       		.byte	0
 1221 00eb 12       		.uleb128 0x12
 1222 00ec 0D       		.uleb128 0xd
 1223 00ed 00       		.byte	0
 1224 00ee 03       		.uleb128 0x3
 1225 00ef 0E       		.uleb128 0xe
 1226 00f0 3A       		.uleb128 0x3a
 1227 00f1 0B       		.uleb128 0xb
 1228 00f2 3B       		.uleb128 0x3b
 1229 00f3 05       		.uleb128 0x5
 1230 00f4 39       		.uleb128 0x39
 1231 00f5 0B       		.uleb128 0xb
 1232 00f6 49       		.uleb128 0x49
 1233 00f7 13       		.uleb128 0x13
 1234 00f8 00       		.byte	0
 1235 00f9 00       		.byte	0
 1236 00fa 13       		.uleb128 0x13
 1237 00fb 35       		.uleb128 0x35
 1238 00fc 00       		.byte	0
 1239 00fd 49       		.uleb128 0x49
 1240 00fe 13       		.uleb128 0x13
 1241 00ff 00       		.byte	0
 1242 0100 00       		.byte	0
 1243 0101 14       		.uleb128 0x14
 1244 0102 26       		.uleb128 0x26
 1245 0103 00       		.byte	0
 1246 0104 49       		.uleb128 0x49
 1247 0105 13       		.uleb128 0x13
 1248 0106 00       		.byte	0
 1249 0107 00       		.byte	0
 1250 0108 15       		.uleb128 0x15
 1251 0109 34       		.uleb128 0x34
 1252 010a 00       		.byte	0
 1253 010b 03       		.uleb128 0x3
 1254 010c 08       		.uleb128 0x8
ARM GAS  /tmp/ccqgvWzf.s 			page 23


 1255 010d 3A       		.uleb128 0x3a
 1256 010e 0B       		.uleb128 0xb
 1257 010f 3B       		.uleb128 0x3b
 1258 0110 05       		.uleb128 0x5
 1259 0111 39       		.uleb128 0x39
 1260 0112 0B       		.uleb128 0xb
 1261 0113 49       		.uleb128 0x49
 1262 0114 13       		.uleb128 0x13
 1263 0115 3F       		.uleb128 0x3f
 1264 0116 19       		.uleb128 0x19
 1265 0117 3C       		.uleb128 0x3c
 1266 0118 19       		.uleb128 0x19
 1267 0119 00       		.byte	0
 1268 011a 00       		.byte	0
 1269 011b 16       		.uleb128 0x16
 1270 011c 01       		.uleb128 0x1
 1271 011d 01       		.byte	0x1
 1272 011e 49       		.uleb128 0x49
 1273 011f 13       		.uleb128 0x13
 1274 0120 01       		.uleb128 0x1
 1275 0121 13       		.uleb128 0x13
 1276 0122 00       		.byte	0
 1277 0123 00       		.byte	0
 1278 0124 17       		.uleb128 0x17
 1279 0125 21       		.uleb128 0x21
 1280 0126 00       		.byte	0
 1281 0127 00       		.byte	0
 1282 0128 00       		.byte	0
 1283 0129 18       		.uleb128 0x18
 1284 012a 34       		.uleb128 0x34
 1285 012b 00       		.byte	0
 1286 012c 03       		.uleb128 0x3
 1287 012d 0E       		.uleb128 0xe
 1288 012e 3A       		.uleb128 0x3a
 1289 012f 0B       		.uleb128 0xb
 1290 0130 3B       		.uleb128 0x3b
 1291 0131 05       		.uleb128 0x5
 1292 0132 39       		.uleb128 0x39
 1293 0133 0B       		.uleb128 0xb
 1294 0134 49       		.uleb128 0x49
 1295 0135 13       		.uleb128 0x13
 1296 0136 3F       		.uleb128 0x3f
 1297 0137 19       		.uleb128 0x19
 1298 0138 3C       		.uleb128 0x3c
 1299 0139 19       		.uleb128 0x19
 1300 013a 00       		.byte	0
 1301 013b 00       		.byte	0
 1302 013c 19       		.uleb128 0x19
 1303 013d 13       		.uleb128 0x13
 1304 013e 01       		.byte	0x1
 1305 013f 0B       		.uleb128 0xb
 1306 0140 0B       		.uleb128 0xb
 1307 0141 3A       		.uleb128 0x3a
 1308 0142 0B       		.uleb128 0xb
 1309 0143 3B       		.uleb128 0x3b
 1310 0144 0B       		.uleb128 0xb
 1311 0145 39       		.uleb128 0x39
ARM GAS  /tmp/ccqgvWzf.s 			page 24


 1312 0146 0B       		.uleb128 0xb
 1313 0147 01       		.uleb128 0x1
 1314 0148 13       		.uleb128 0x13
 1315 0149 00       		.byte	0
 1316 014a 00       		.byte	0
 1317 014b 1A       		.uleb128 0x1a
 1318 014c 21       		.uleb128 0x21
 1319 014d 00       		.byte	0
 1320 014e 49       		.uleb128 0x49
 1321 014f 13       		.uleb128 0x13
 1322 0150 2F       		.uleb128 0x2f
 1323 0151 0B       		.uleb128 0xb
 1324 0152 00       		.byte	0
 1325 0153 00       		.byte	0
 1326 0154 00       		.byte	0
 1327              		.section	.debug_aranges,"",%progbits
 1328 0000 14000000 		.4byte	0x14
 1329 0004 0200     		.2byte	0x2
 1330 0006 00000000 		.4byte	.Ldebug_info0
 1331 000a 04       		.byte	0x4
 1332 000b 00       		.byte	0
 1333 000c 0000     		.2byte	0
 1334 000e 0000     		.2byte	0
 1335 0010 00000000 		.4byte	0
 1336 0014 00000000 		.4byte	0
 1337              		.section	.debug_line,"",%progbits
 1338              	.Ldebug_line0:
 1339 0000 DC010000 		.section	.debug_str,"MS",%progbits,1
 1339      0300D601 
 1339      00000201 
 1339      FB0E0D00 
 1339      01010101 
 1340              	.LASF28:
 1341 0000 74687265 		.ascii	"thread_t\000"
 1341      61645F74 
 1341      00
 1342              	.LASF22:
 1343 0009 74726566 		.ascii	"trefs_t\000"
 1343      735F7400 
 1344              	.LASF105:
 1345 0011 474E5520 		.ascii	"GNU C11 8.2.1 20181213 (release) [gcc-8-branch revi"
 1345      43313120 
 1345      382E322E 
 1345      31203230 
 1345      31383132 
 1346 0044 73696F6E 		.ascii	"sion 267074] -mcpu=cortex-m0 -mno-thumb-interwork -"
 1346      20323637 
 1346      3037345D 
 1346      202D6D63 
 1346      70753D63 
 1347 0077 6D746875 		.ascii	"mthumb -mfloat-abi=soft -march=armv6s-m -ggdb -O2 -"
 1347      6D62202D 
 1347      6D666C6F 
 1347      61742D61 
 1347      62693D73 
 1348 00aa 7374643D 		.ascii	"std=gnu11 -fomit-frame-pointer -falign-functions=16"
 1348      676E7531 
ARM GAS  /tmp/ccqgvWzf.s 			page 25


 1348      31202D66 
 1348      6F6D6974 
 1348      2D667261 
 1349 00dd 202D6673 		.ascii	" -fstack-usage -ffunction-sections -fdata-sections "
 1349      7461636B 
 1349      2D757361 
 1349      6765202D 
 1349      6666756E 
 1350 0110 2D666E6F 		.ascii	"-fno-common\000"
 1350      2D636F6D 
 1350      6D6F6E00 
 1351              	.LASF95:
 1352 011c 6F66665F 		.ascii	"off_name\000"
 1352      6E616D65 
 1352      00
 1353              	.LASF90:
 1354 0125 74687265 		.ascii	"threadsize\000"
 1354      61647369 
 1354      7A6500
 1355              	.LASF62:
 1356 0130 63685F73 		.ascii	"ch_system_debug\000"
 1356      79737465 
 1356      6D5F6465 
 1356      62756700 
 1357              	.LASF39:
 1358 0140 6570656E 		.ascii	"epending\000"
 1358      64696E67 
 1358      00
 1359              	.LASF88:
 1360 0149 70747273 		.ascii	"ptrsize\000"
 1360      697A6500 
 1361              	.LASF35:
 1362 0151 73746174 		.ascii	"state\000"
 1362      6500
 1363              	.LASF19:
 1364 0157 75696E74 		.ascii	"uint64_t\000"
 1364      36345F74 
 1364      00
 1365              	.LASF5:
 1366 0160 73686F72 		.ascii	"short int\000"
 1366      7420696E 
 1366      7400
 1367              	.LASF61:
 1368 016a 73797374 		.ascii	"system_debug_t\000"
 1368      656D5F64 
 1368      65627567 
 1368      5F7400
 1369              	.LASF56:
 1370 0179 64656C74 		.ascii	"delta\000"
 1370      6100
 1371              	.LASF98:
 1372 017f 6F66665F 		.ascii	"off_flags\000"
 1372      666C6167 
 1372      7300
 1373              	.LASF7:
 1374 0189 5F5F7569 		.ascii	"__uint16_t\000"
 1374      6E743136 
ARM GAS  /tmp/ccqgvWzf.s 			page 26


 1374      5F7400
 1375              	.LASF25:
 1376 0194 6576656E 		.ascii	"eventmask_t\000"
 1376      746D6173 
 1376      6B5F7400 
 1377              	.LASF20:
 1378 01a0 746D6F64 		.ascii	"tmode_t\000"
 1378      655F7400 
 1379              	.LASF45:
 1380 01a8 63685F74 		.ascii	"ch_threads_list\000"
 1380      68726561 
 1380      64735F6C 
 1380      69737400 
 1381              	.LASF67:
 1382 01b8 76746C69 		.ascii	"vtlist\000"
 1382      737400
 1383              	.LASF83:
 1384 01bf 63685F69 		.ascii	"ch_idle_thread_wa\000"
 1384      646C655F 
 1384      74687265 
 1384      61645F77 
 1384      6100
 1385              	.LASF69:
 1386 01d1 72656761 		.ascii	"regarm_t\000"
 1386      726D5F74 
 1386      00
 1387              	.LASF15:
 1388 01da 75696E74 		.ascii	"uint8_t\000"
 1388      385F7400 
 1389              	.LASF48:
 1390 01e2 63685F74 		.ascii	"ch_threads_queue\000"
 1390      68726561 
 1390      64735F71 
 1390      75657565 
 1390      00
 1391              	.LASF93:
 1392 01f3 6F66665F 		.ascii	"off_newer\000"
 1392      6E657765 
 1392      7200
 1393              	.LASF79:
 1394 01fd 63685F6D 		.ascii	"ch_mutex\000"
 1394      75746578 
 1394      00
 1395              	.LASF44:
 1396 0206 63685F74 		.ascii	"ch_thread\000"
 1396      68726561 
 1396      6400
 1397              	.LASF32:
 1398 0210 6F6C6465 		.ascii	"older\000"
 1398      7200
 1399              	.LASF34:
 1400 0216 77616261 		.ascii	"wabase\000"
 1400      736500
 1401              	.LASF89:
 1402 021d 74696D65 		.ascii	"timesize\000"
 1402      73697A65 
 1402      00
ARM GAS  /tmp/ccqgvWzf.s 			page 27


 1403              	.LASF68:
 1404 0226 6D61696E 		.ascii	"mainthread\000"
 1404      74687265 
 1404      616400
 1405              	.LASF57:
 1406 0231 66756E63 		.ascii	"func\000"
 1406      00
 1407              	.LASF1:
 1408 0236 6C6F6E67 		.ascii	"long long int\000"
 1408      206C6F6E 
 1408      6720696E 
 1408      7400
 1409              	.LASF14:
 1410 0244 6C6F6E67 		.ascii	"long long unsigned int\000"
 1410      206C6F6E 
 1410      6720756E 
 1410      7369676E 
 1410      65642069 
 1411              	.LASF23:
 1412 025b 74707269 		.ascii	"tprio_t\000"
 1412      6F5F7400 
 1413              	.LASF76:
 1414 0263 77747472 		.ascii	"wttrp\000"
 1414      7000
 1415              	.LASF10:
 1416 0269 6C6F6E67 		.ascii	"long int\000"
 1416      20696E74 
 1416      00
 1417              	.LASF64:
 1418 0272 63685F73 		.ascii	"ch_system_t\000"
 1418      79737465 
 1418      6D5F7400 
 1419              	.LASF97:
 1420 027e 6F66665F 		.ascii	"off_state\000"
 1420      73746174 
 1420      6500
 1421              	.LASF71:
 1422 0288 706F7274 		.ascii	"port_context\000"
 1422      5F636F6E 
 1422      74657874 
 1422      00
 1423              	.LASF54:
 1424 0295 76697274 		.ascii	"virtual_timer_t\000"
 1424      75616C5F 
 1424      74696D65 
 1424      725F7400 
 1425              	.LASF6:
 1426 02a5 5F5F7569 		.ascii	"__uint8_t\000"
 1426      6E74385F 
 1426      7400
 1427              	.LASF92:
 1428 02af 6F66665F 		.ascii	"off_ctx\000"
 1428      63747800 
 1429              	.LASF31:
 1430 02b7 6E657765 		.ascii	"newer\000"
 1430      7200
 1431              	.LASF29:
ARM GAS  /tmp/ccqgvWzf.s 			page 28


 1432 02bd 71756575 		.ascii	"queue\000"
 1432      6500
 1433              	.LASF33:
 1434 02c3 6E616D65 		.ascii	"name\000"
 1434      00
 1435              	.LASF2:
 1436 02c8 6C6F6E67 		.ascii	"long double\000"
 1436      20646F75 
 1436      626C6500 
 1437              	.LASF4:
 1438 02d4 756E7369 		.ascii	"unsigned char\000"
 1438      676E6564 
 1438      20636861 
 1438      7200
 1439              	.LASF80:
 1440 02e2 6F776E65 		.ascii	"owner\000"
 1440      7200
 1441              	.LASF78:
 1442 02e8 65776D61 		.ascii	"ewmask\000"
 1442      736B00
 1443              	.LASF3:
 1444 02ef 7369676E 		.ascii	"signed char\000"
 1444      65642063 
 1444      68617200 
 1445              	.LASF36:
 1446 02fb 666C6167 		.ascii	"flags\000"
 1446      7300
 1447              	.LASF18:
 1448 0301 75696E74 		.ascii	"uint32_t\000"
 1448      33325F74 
 1448      00
 1449              	.LASF106:
 1450 030a 43686962 		.ascii	"ChibiOS/os/common/ports/ARMCMx/chcore.c\000"
 1450      694F532F 
 1450      6F732F63 
 1450      6F6D6D6F 
 1450      6E2F706F 
 1451              	.LASF0:
 1452 0332 756E7369 		.ascii	"unsigned int\000"
 1452      676E6564 
 1452      20696E74 
 1452      00
 1453              	.LASF16:
 1454 033f 75696E74 		.ascii	"uint16_t\000"
 1454      31365F74 
 1454      00
 1455              	.LASF102:
 1456 0348 63686465 		.ascii	"chdebug_t\000"
 1456      6275675F 
 1456      7400
 1457              	.LASF65:
 1458 0352 63685F73 		.ascii	"ch_system\000"
 1458      79737465 
 1458      6D00
 1459              	.LASF58:
 1460 035c 76697274 		.ascii	"virtual_timers_list_t\000"
 1460      75616C5F 
ARM GAS  /tmp/ccqgvWzf.s 			page 29


 1460      74696D65 
 1460      72735F6C 
 1460      6973745F 
 1461              	.LASF91:
 1462 0372 6F66665F 		.ascii	"off_prio\000"
 1462      7072696F 
 1462      00
 1463              	.LASF47:
 1464 037b 74687265 		.ascii	"threads_queue_t\000"
 1464      6164735F 
 1464      71756575 
 1464      655F7400 
 1465              	.LASF94:
 1466 038b 6F66665F 		.ascii	"off_older\000"
 1466      6F6C6465 
 1466      7200
 1467              	.LASF84:
 1468 0395 6964656E 		.ascii	"identifier\000"
 1468      74696669 
 1468      657200
 1469              	.LASF103:
 1470 03a0 63685F64 		.ascii	"ch_debug\000"
 1470      65627567 
 1470      00
 1471              	.LASF27:
 1472 03a9 73797374 		.ascii	"systime_t\000"
 1472      696D655F 
 1472      7400
 1473              	.LASF66:
 1474 03b3 726C6973 		.ascii	"rlist\000"
 1474      7400
 1475              	.LASF81:
 1476 03b9 63686172 		.ascii	"char\000"
 1476      00
 1477              	.LASF104:
 1478 03be 6D757465 		.ascii	"mutex_t\000"
 1478      785F7400 
 1479              	.LASF55:
 1480 03c6 63685F76 		.ascii	"ch_virtual_timer\000"
 1480      69727475 
 1480      616C5F74 
 1480      696D6572 
 1480      00
 1481              	.LASF17:
 1482 03d7 696E7433 		.ascii	"int32_t\000"
 1482      325F7400 
 1483              	.LASF26:
 1484 03df 636E745F 		.ascii	"cnt_t\000"
 1484      7400
 1485              	.LASF41:
 1486 03e5 7265616C 		.ascii	"realprio\000"
 1486      7072696F 
 1486      00
 1487              	.LASF107:
 1488 03ee 2F6F7074 		.ascii	"/opt/nanovna/NanoVNA-H\000"
 1488      2F6E616E 
 1488      6F766E61 
ARM GAS  /tmp/ccqgvWzf.s 			page 30


 1488      2F4E616E 
 1488      6F564E41 
 1489              	.LASF101:
 1490 0405 6F66665F 		.ascii	"off_time\000"
 1490      74696D65 
 1490      00
 1491              	.LASF82:
 1492 040e 53797374 		.ascii	"SystemCoreClock\000"
 1492      656D436F 
 1492      7265436C 
 1492      6F636B00 
 1493              	.LASF13:
 1494 041e 5F5F7569 		.ascii	"__uint64_t\000"
 1494      6E743634 
 1494      5F7400
 1495              	.LASF86:
 1496 0429 73697A65 		.ascii	"size\000"
 1496      00
 1497              	.LASF37:
 1498 042e 72656673 		.ascii	"refs\000"
 1498      00
 1499              	.LASF60:
 1500 0433 6C617374 		.ascii	"lasttime\000"
 1500      74696D65 
 1500      00
 1501              	.LASF8:
 1502 043c 73686F72 		.ascii	"short unsigned int\000"
 1502      7420756E 
 1502      7369676E 
 1502      65642069 
 1502      6E7400
 1503              	.LASF21:
 1504 044f 74737461 		.ascii	"tstate_t\000"
 1504      74655F74 
 1504      00
 1505              	.LASF12:
 1506 0458 6C6F6E67 		.ascii	"long unsigned int\000"
 1506      20756E73 
 1506      69676E65 
 1506      6420696E 
 1506      7400
 1507              	.LASF100:
 1508 046a 6F66665F 		.ascii	"off_preempt\000"
 1508      70726565 
 1508      6D707400 
 1509              	.LASF63:
 1510 0476 70616E69 		.ascii	"panic_msg\000"
 1510      635F6D73 
 1510      6700
 1511              	.LASF11:
 1512 0480 5F5F7569 		.ascii	"__uint32_t\000"
 1512      6E743332 
 1512      5F7400
 1513              	.LASF96:
 1514 048b 6F66665F 		.ascii	"off_stklimit\000"
 1514      73746B6C 
 1514      696D6974 
ARM GAS  /tmp/ccqgvWzf.s 			page 31


 1514      00
 1515              	.LASF72:
 1516 0498 706F7274 		.ascii	"port_intctx\000"
 1516      5F696E74 
 1516      63747800 
 1517              	.LASF99:
 1518 04a4 6F66665F 		.ascii	"off_refs\000"
 1518      72656673 
 1518      00
 1519              	.LASF9:
 1520 04ad 5F5F696E 		.ascii	"__int32_t\000"
 1520      7433325F 
 1520      7400
 1521              	.LASF42:
 1522 04b7 74687265 		.ascii	"thread_reference_t\000"
 1522      61645F72 
 1522      65666572 
 1522      656E6365 
 1522      5F7400
 1523              	.LASF75:
 1524 04ca 77746F62 		.ascii	"wtobjp\000"
 1524      6A7000
 1525              	.LASF40:
 1526 04d1 6D74786C 		.ascii	"mtxlist\000"
 1526      69737400 
 1527              	.LASF70:
 1528 04d9 73746B61 		.ascii	"stkalign_t\000"
 1528      6C69676E 
 1528      5F7400
 1529              	.LASF74:
 1530 04e4 65786974 		.ascii	"exitcode\000"
 1530      636F6465 
 1530      00
 1531              	.LASF53:
 1532 04ed 76746675 		.ascii	"vtfunc_t\000"
 1532      6E635F74 
 1532      00
 1533              	.LASF50:
 1534 04f6 72656164 		.ascii	"ready_list_t\000"
 1534      795F6C69 
 1534      73745F74 
 1534      00
 1535              	.LASF52:
 1536 0503 63757272 		.ascii	"current\000"
 1536      656E7400 
 1537              	.LASF38:
 1538 050b 77616974 		.ascii	"waiting\000"
 1538      696E6700 
 1539              	.LASF51:
 1540 0513 63685F72 		.ascii	"ch_ready_list\000"
 1540      65616479 
 1540      5F6C6973 
 1540      7400
 1541              	.LASF49:
 1542 0521 70726576 		.ascii	"prev\000"
 1542      00
 1543              	.LASF59:
ARM GAS  /tmp/ccqgvWzf.s 			page 32


 1544 0526 63685F76 		.ascii	"ch_virtual_timers_list\000"
 1544      69727475 
 1544      616C5F74 
 1544      696D6572 
 1544      735F6C69 
 1545              	.LASF73:
 1546 053d 7264796D 		.ascii	"rdymsg\000"
 1546      736700
 1547              	.LASF24:
 1548 0544 6D73675F 		.ascii	"msg_t\000"
 1548      7400
 1549              	.LASF30:
 1550 054a 7072696F 		.ascii	"prio\000"
 1550      00
 1551              	.LASF85:
 1552 054f 7A65726F 		.ascii	"zero\000"
 1552      00
 1553              	.LASF46:
 1554 0554 6E657874 		.ascii	"next\000"
 1554      00
 1555              	.LASF77:
 1556 0559 77746D74 		.ascii	"wtmtxp\000"
 1556      787000
 1557              	.LASF87:
 1558 0560 76657273 		.ascii	"version\000"
 1558      696F6E00 
 1559              	.LASF43:
 1560 0568 74687265 		.ascii	"threads_list_t\000"
 1560      6164735F 
 1560      6C697374 
 1560      5F7400
 1561              		.ident	"GCC: (GNU Tools for Arm Embedded Processors 8-2018-q4-major) 8.2.1 20181213 (release) [gcc
ARM GAS  /tmp/ccqgvWzf.s 			page 33


DEFINED SYMBOLS
                            *ABS*:0000000000000000 chcore.c

NO UNDEFINED SYMBOLS
