ARM GAS  /tmp/cce3JAMw.s 			page 1


   1              		.cpu cortex-m0
   2              		.eabi_attribute 20, 1
   3              		.eabi_attribute 21, 1
   4              		.eabi_attribute 23, 3
   5              		.eabi_attribute 24, 1
   6              		.eabi_attribute 25, 1
   7              		.eabi_attribute 26, 1
   8              		.eabi_attribute 30, 2
   9              		.eabi_attribute 34, 0
  10              		.eabi_attribute 18, 4
  11              		.file	"numfont20x22.c"
  12              		.text
  13              	.Ltext0:
  14              		.cfi_sections	.debug_frame
  15              		.global	numfont20x22
  16              		.section	.rodata.numfont20x22,"a"
  17              		.align	2
  18              		.type	numfont20x22, %object
  19              		.size	numfont20x22, 1518
  20              	numfont20x22:
  21 0000 07       		.byte	7
  22 0001 FC       		.byte	-4
  23 0002 08       		.byte	8
  24 0003 1F       		.byte	31
  25 0004 FF       		.byte	-1
  26 0005 00       		.byte	0
  27 0006 3F       		.byte	63
  28 0007 FF       		.byte	-1
  29 0008 80       		.byte	-128
  30 0009 7F       		.byte	127
  31 000a FF       		.byte	-1
  32 000b C0       		.byte	-64
  33 000c 7E       		.byte	126
  34 000d 0F       		.byte	15
  35 000e C0       		.byte	-64
  36 000f FC       		.byte	-4
  37 0010 07       		.byte	7
  38 0011 E0       		.byte	-32
  39 0012 F8       		.byte	-8
  40 0013 03       		.byte	3
  41 0014 E0       		.byte	-32
  42 0015 F8       		.byte	-8
  43 0016 03       		.byte	3
  44 0017 E0       		.byte	-32
  45 0018 F8       		.byte	-8
  46 0019 03       		.byte	3
  47 001a E0       		.byte	-32
  48 001b F8       		.byte	-8
  49 001c 03       		.byte	3
  50 001d E0       		.byte	-32
  51 001e F8       		.byte	-8
  52 001f 03       		.byte	3
  53 0020 E0       		.byte	-32
  54 0021 F8       		.byte	-8
  55 0022 03       		.byte	3
  56 0023 E0       		.byte	-32
  57 0024 F8       		.byte	-8
ARM GAS  /tmp/cce3JAMw.s 			page 2


  58 0025 03       		.byte	3
  59 0026 E0       		.byte	-32
  60 0027 F8       		.byte	-8
  61 0028 03       		.byte	3
  62 0029 E0       		.byte	-32
  63 002a F8       		.byte	-8
  64 002b 03       		.byte	3
  65 002c E0       		.byte	-32
  66 002d F8       		.byte	-8
  67 002e 03       		.byte	3
  68 002f E0       		.byte	-32
  69 0030 FC       		.byte	-4
  70 0031 07       		.byte	7
  71 0032 E0       		.byte	-32
  72 0033 7E       		.byte	126
  73 0034 0F       		.byte	15
  74 0035 C0       		.byte	-64
  75 0036 7F       		.byte	127
  76 0037 FF       		.byte	-1
  77 0038 C0       		.byte	-64
  78 0039 3F       		.byte	63
  79 003a FF       		.byte	-1
  80 003b 80       		.byte	-128
  81 003c 1F       		.byte	31
  82 003d FF       		.byte	-1
  83 003e 00       		.byte	0
  84 003f 07       		.byte	7
  85 0040 FC       		.byte	-4
  86 0041 08       		.byte	8
  87 0042 00       		.byte	0
  88 0043 7C       		.byte	124
  89 0044 08       		.byte	8
  90 0045 00       		.byte	0
  91 0046 FC       		.byte	-4
  92 0047 00       		.byte	0
  93 0048 00       		.byte	0
  94 0049 FC       		.byte	-4
  95 004a 00       		.byte	0
  96 004b 01       		.byte	1
  97 004c FC       		.byte	-4
  98 004d 00       		.byte	0
  99 004e 07       		.byte	7
 100 004f FC       		.byte	-4
 101 0050 00       		.byte	0
 102 0051 1F       		.byte	31
 103 0052 FC       		.byte	-4
 104 0053 00       		.byte	0
 105 0054 1F       		.byte	31
 106 0055 FC       		.byte	-4
 107 0056 00       		.byte	0
 108 0057 1F       		.byte	31
 109 0058 FC       		.byte	-4
 110 0059 00       		.byte	0
 111 005a 1F       		.byte	31
 112 005b 7C       		.byte	124
 113 005c 00       		.byte	0
 114 005d 1F       		.byte	31
ARM GAS  /tmp/cce3JAMw.s 			page 3


 115 005e 7C       		.byte	124
 116 005f 00       		.byte	0
 117 0060 00       		.byte	0
 118 0061 7C       		.byte	124
 119 0062 00       		.byte	0
 120 0063 00       		.byte	0
 121 0064 7C       		.byte	124
 122 0065 00       		.byte	0
 123 0066 00       		.byte	0
 124 0067 7C       		.byte	124
 125 0068 00       		.byte	0
 126 0069 00       		.byte	0
 127 006a 7C       		.byte	124
 128 006b 00       		.byte	0
 129 006c 00       		.byte	0
 130 006d 7C       		.byte	124
 131 006e 00       		.byte	0
 132 006f 00       		.byte	0
 133 0070 7C       		.byte	124
 134 0071 00       		.byte	0
 135 0072 00       		.byte	0
 136 0073 7C       		.byte	124
 137 0074 00       		.byte	0
 138 0075 00       		.byte	0
 139 0076 7C       		.byte	124
 140 0077 00       		.byte	0
 141 0078 00       		.byte	0
 142 0079 7C       		.byte	124
 143 007a 00       		.byte	0
 144 007b 00       		.byte	0
 145 007c 7C       		.byte	124
 146 007d 00       		.byte	0
 147 007e 00       		.byte	0
 148 007f 7C       		.byte	124
 149 0080 00       		.byte	0
 150 0081 00       		.byte	0
 151 0082 7C       		.byte	124
 152 0083 00       		.byte	0
 153 0084 03       		.byte	3
 154 0085 F8       		.byte	-8
 155 0086 08       		.byte	8
 156 0087 0F       		.byte	15
 157 0088 FE       		.byte	-2
 158 0089 00       		.byte	0
 159 008a 3F       		.byte	63
 160 008b FF       		.byte	-1
 161 008c 80       		.byte	-128
 162 008d 7F       		.byte	127
 163 008e FF       		.byte	-1
 164 008f C0       		.byte	-64
 165 0090 7E       		.byte	126
 166 0091 0F       		.byte	15
 167 0092 C0       		.byte	-64
 168 0093 FC       		.byte	-4
 169 0094 07       		.byte	7
 170 0095 E0       		.byte	-32
 171 0096 F8       		.byte	-8
ARM GAS  /tmp/cce3JAMw.s 			page 4


 172 0097 03       		.byte	3
 173 0098 E0       		.byte	-32
 174 0099 F8       		.byte	-8
 175 009a 07       		.byte	7
 176 009b E0       		.byte	-32
 177 009c 00       		.byte	0
 178 009d 0F       		.byte	15
 179 009e E0       		.byte	-32
 180 009f 00       		.byte	0
 181 00a0 3F       		.byte	63
 182 00a1 C0       		.byte	-64
 183 00a2 00       		.byte	0
 184 00a3 FF       		.byte	-1
 185 00a4 80       		.byte	-128
 186 00a5 03       		.byte	3
 187 00a6 FE       		.byte	-2
 188 00a7 00       		.byte	0
 189 00a8 0F       		.byte	15
 190 00a9 F8       		.byte	-8
 191 00aa 00       		.byte	0
 192 00ab 1F       		.byte	31
 193 00ac E0       		.byte	-32
 194 00ad 00       		.byte	0
 195 00ae 3F       		.byte	63
 196 00af 80       		.byte	-128
 197 00b0 00       		.byte	0
 198 00b1 7F       		.byte	127
 199 00b2 00       		.byte	0
 200 00b3 00       		.byte	0
 201 00b4 FE       		.byte	-2
 202 00b5 00       		.byte	0
 203 00b6 00       		.byte	0
 204 00b7 FC       		.byte	-4
 205 00b8 00       		.byte	0
 206 00b9 00       		.byte	0
 207 00ba FF       		.byte	-1
 208 00bb FF       		.byte	-1
 209 00bc E0       		.byte	-32
 210 00bd FF       		.byte	-1
 211 00be FF       		.byte	-1
 212 00bf E0       		.byte	-32
 213 00c0 FF       		.byte	-1
 214 00c1 FF       		.byte	-1
 215 00c2 E0       		.byte	-32
 216 00c3 FF       		.byte	-1
 217 00c4 FF       		.byte	-1
 218 00c5 E0       		.byte	-32
 219 00c6 03       		.byte	3
 220 00c7 F8       		.byte	-8
 221 00c8 08       		.byte	8
 222 00c9 0F       		.byte	15
 223 00ca FE       		.byte	-2
 224 00cb 00       		.byte	0
 225 00cc 3F       		.byte	63
 226 00cd FF       		.byte	-1
 227 00ce 80       		.byte	-128
 228 00cf 7F       		.byte	127
ARM GAS  /tmp/cce3JAMw.s 			page 5


 229 00d0 FF       		.byte	-1
 230 00d1 C0       		.byte	-64
 231 00d2 7E       		.byte	126
 232 00d3 0F       		.byte	15
 233 00d4 C0       		.byte	-64
 234 00d5 FC       		.byte	-4
 235 00d6 07       		.byte	7
 236 00d7 E0       		.byte	-32
 237 00d8 F8       		.byte	-8
 238 00d9 03       		.byte	3
 239 00da E0       		.byte	-32
 240 00db F8       		.byte	-8
 241 00dc 07       		.byte	7
 242 00dd E0       		.byte	-32
 243 00de 00       		.byte	0
 244 00df 0F       		.byte	15
 245 00e0 C0       		.byte	-64
 246 00e1 00       		.byte	0
 247 00e2 FF       		.byte	-1
 248 00e3 C0       		.byte	-64
 249 00e4 00       		.byte	0
 250 00e5 FF       		.byte	-1
 251 00e6 00       		.byte	0
 252 00e7 00       		.byte	0
 253 00e8 FF       		.byte	-1
 254 00e9 00       		.byte	0
 255 00ea 00       		.byte	0
 256 00eb FF       		.byte	-1
 257 00ec 80       		.byte	-128
 258 00ed 00       		.byte	0
 259 00ee 0F       		.byte	15
 260 00ef C0       		.byte	-64
 261 00f0 F8       		.byte	-8
 262 00f1 03       		.byte	3
 263 00f2 E0       		.byte	-32
 264 00f3 F8       		.byte	-8
 265 00f4 03       		.byte	3
 266 00f5 E0       		.byte	-32
 267 00f6 F8       		.byte	-8
 268 00f7 03       		.byte	3
 269 00f8 E0       		.byte	-32
 270 00f9 FE       		.byte	-2
 271 00fa 07       		.byte	7
 272 00fb E0       		.byte	-32
 273 00fc 7F       		.byte	127
 274 00fd FF       		.byte	-1
 275 00fe C0       		.byte	-64
 276 00ff 3F       		.byte	63
 277 0100 FF       		.byte	-1
 278 0101 80       		.byte	-128
 279 0102 0F       		.byte	15
 280 0103 FF       		.byte	-1
 281 0104 00       		.byte	0
 282 0105 01       		.byte	1
 283 0106 F8       		.byte	-8
 284 0107 08       		.byte	8
 285 0108 00       		.byte	0
ARM GAS  /tmp/cce3JAMw.s 			page 6


 286 0109 0F       		.byte	15
 287 010a 08       		.byte	8
 288 010b 00       		.byte	0
 289 010c 1F       		.byte	31
 290 010d 00       		.byte	0
 291 010e 00       		.byte	0
 292 010f 3F       		.byte	63
 293 0110 00       		.byte	0
 294 0111 00       		.byte	0
 295 0112 7F       		.byte	127
 296 0113 00       		.byte	0
 297 0114 00       		.byte	0
 298 0115 FF       		.byte	-1
 299 0116 00       		.byte	0
 300 0117 01       		.byte	1
 301 0118 FF       		.byte	-1
 302 0119 00       		.byte	0
 303 011a 03       		.byte	3
 304 011b FF       		.byte	-1
 305 011c 00       		.byte	0
 306 011d 07       		.byte	7
 307 011e FF       		.byte	-1
 308 011f 00       		.byte	0
 309 0120 0F       		.byte	15
 310 0121 DF       		.byte	-33
 311 0122 00       		.byte	0
 312 0123 1F       		.byte	31
 313 0124 9F       		.byte	-97
 314 0125 00       		.byte	0
 315 0126 3F       		.byte	63
 316 0127 1F       		.byte	31
 317 0128 00       		.byte	0
 318 0129 7E       		.byte	126
 319 012a 1F       		.byte	31
 320 012b 00       		.byte	0
 321 012c FC       		.byte	-4
 322 012d 1F       		.byte	31
 323 012e 00       		.byte	0
 324 012f F8       		.byte	-8
 325 0130 1F       		.byte	31
 326 0131 00       		.byte	0
 327 0132 FF       		.byte	-1
 328 0133 FF       		.byte	-1
 329 0134 E0       		.byte	-32
 330 0135 FF       		.byte	-1
 331 0136 FF       		.byte	-1
 332 0137 E0       		.byte	-32
 333 0138 FF       		.byte	-1
 334 0139 FF       		.byte	-1
 335 013a E0       		.byte	-32
 336 013b FF       		.byte	-1
 337 013c FF       		.byte	-1
 338 013d E0       		.byte	-32
 339 013e 00       		.byte	0
 340 013f 1F       		.byte	31
 341 0140 00       		.byte	0
 342 0141 00       		.byte	0
ARM GAS  /tmp/cce3JAMw.s 			page 7


 343 0142 1F       		.byte	31
 344 0143 00       		.byte	0
 345 0144 00       		.byte	0
 346 0145 1F       		.byte	31
 347 0146 00       		.byte	0
 348 0147 00       		.byte	0
 349 0148 1F       		.byte	31
 350 0149 00       		.byte	0
 351 014a FF       		.byte	-1
 352 014b FF       		.byte	-1
 353 014c E8       		.byte	-24
 354 014d FF       		.byte	-1
 355 014e FF       		.byte	-1
 356 014f E0       		.byte	-32
 357 0150 FF       		.byte	-1
 358 0151 FF       		.byte	-1
 359 0152 E0       		.byte	-32
 360 0153 FF       		.byte	-1
 361 0154 FF       		.byte	-1
 362 0155 E0       		.byte	-32
 363 0156 F0       		.byte	-16
 364 0157 00       		.byte	0
 365 0158 00       		.byte	0
 366 0159 F0       		.byte	-16
 367 015a 00       		.byte	0
 368 015b 00       		.byte	0
 369 015c F0       		.byte	-16
 370 015d 00       		.byte	0
 371 015e 00       		.byte	0
 372 015f F3       		.byte	-13
 373 0160 F8       		.byte	-8
 374 0161 00       		.byte	0
 375 0162 FF       		.byte	-1
 376 0163 FF       		.byte	-1
 377 0164 00       		.byte	0
 378 0165 FF       		.byte	-1
 379 0166 FF       		.byte	-1
 380 0167 80       		.byte	-128
 381 0168 FF       		.byte	-1
 382 0169 FF       		.byte	-1
 383 016a C0       		.byte	-64
 384 016b FE       		.byte	-2
 385 016c 0F       		.byte	15
 386 016d C0       		.byte	-64
 387 016e 00       		.byte	0
 388 016f 07       		.byte	7
 389 0170 E0       		.byte	-32
 390 0171 00       		.byte	0
 391 0172 03       		.byte	3
 392 0173 E0       		.byte	-32
 393 0174 00       		.byte	0
 394 0175 03       		.byte	3
 395 0176 E0       		.byte	-32
 396 0177 F8       		.byte	-8
 397 0178 03       		.byte	3
 398 0179 E0       		.byte	-32
 399 017a F8       		.byte	-8
ARM GAS  /tmp/cce3JAMw.s 			page 8


 400 017b 07       		.byte	7
 401 017c E0       		.byte	-32
 402 017d FE       		.byte	-2
 403 017e 1F       		.byte	31
 404 017f E0       		.byte	-32
 405 0180 7F       		.byte	127
 406 0181 FF       		.byte	-1
 407 0182 C0       		.byte	-64
 408 0183 3F       		.byte	63
 409 0184 FF       		.byte	-1
 410 0185 80       		.byte	-128
 411 0186 0F       		.byte	15
 412 0187 FF       		.byte	-1
 413 0188 00       		.byte	0
 414 0189 01       		.byte	1
 415 018a F8       		.byte	-8
 416 018b 08       		.byte	8
 417 018c 03       		.byte	3
 418 018d FE       		.byte	-2
 419 018e 08       		.byte	8
 420 018f 1F       		.byte	31
 421 0190 FF       		.byte	-1
 422 0191 80       		.byte	-128
 423 0192 3F       		.byte	63
 424 0193 FF       		.byte	-1
 425 0194 C0       		.byte	-64
 426 0195 7F       		.byte	127
 427 0196 FF       		.byte	-1
 428 0197 C0       		.byte	-64
 429 0198 7E       		.byte	126
 430 0199 07       		.byte	7
 431 019a C0       		.byte	-64
 432 019b FC       		.byte	-4
 433 019c 00       		.byte	0
 434 019d 00       		.byte	0
 435 019e F8       		.byte	-8
 436 019f 00       		.byte	0
 437 01a0 00       		.byte	0
 438 01a1 F8       		.byte	-8
 439 01a2 00       		.byte	0
 440 01a3 00       		.byte	0
 441 01a4 FB       		.byte	-5
 442 01a5 F8       		.byte	-8
 443 01a6 00       		.byte	0
 444 01a7 FF       		.byte	-1
 445 01a8 FF       		.byte	-1
 446 01a9 00       		.byte	0
 447 01aa FF       		.byte	-1
 448 01ab FF       		.byte	-1
 449 01ac 80       		.byte	-128
 450 01ad FF       		.byte	-1
 451 01ae FF       		.byte	-1
 452 01af C0       		.byte	-64
 453 01b0 FE       		.byte	-2
 454 01b1 1F       		.byte	31
 455 01b2 C0       		.byte	-64
 456 01b3 FC       		.byte	-4
ARM GAS  /tmp/cce3JAMw.s 			page 9


 457 01b4 07       		.byte	7
 458 01b5 E0       		.byte	-32
 459 01b6 F8       		.byte	-8
 460 01b7 03       		.byte	3
 461 01b8 E0       		.byte	-32
 462 01b9 F8       		.byte	-8
 463 01ba 03       		.byte	3
 464 01bb E0       		.byte	-32
 465 01bc FC       		.byte	-4
 466 01bd 07       		.byte	7
 467 01be E0       		.byte	-32
 468 01bf FE       		.byte	-2
 469 01c0 0F       		.byte	15
 470 01c1 E0       		.byte	-32
 471 01c2 7F       		.byte	127
 472 01c3 FF       		.byte	-1
 473 01c4 C0       		.byte	-64
 474 01c5 3F       		.byte	63
 475 01c6 FF       		.byte	-1
 476 01c7 80       		.byte	-128
 477 01c8 0F       		.byte	15
 478 01c9 FF       		.byte	-1
 479 01ca 00       		.byte	0
 480 01cb 01       		.byte	1
 481 01cc F8       		.byte	-8
 482 01cd 08       		.byte	8
 483 01ce FF       		.byte	-1
 484 01cf FF       		.byte	-1
 485 01d0 E8       		.byte	-24
 486 01d1 FF       		.byte	-1
 487 01d2 FF       		.byte	-1
 488 01d3 E0       		.byte	-32
 489 01d4 FF       		.byte	-1
 490 01d5 FF       		.byte	-1
 491 01d6 E0       		.byte	-32
 492 01d7 FF       		.byte	-1
 493 01d8 FF       		.byte	-1
 494 01d9 E0       		.byte	-32
 495 01da 00       		.byte	0
 496 01db 07       		.byte	7
 497 01dc E0       		.byte	-32
 498 01dd 00       		.byte	0
 499 01de 0F       		.byte	15
 500 01df C0       		.byte	-64
 501 01e0 00       		.byte	0
 502 01e1 1F       		.byte	31
 503 01e2 80       		.byte	-128
 504 01e3 00       		.byte	0
 505 01e4 3F       		.byte	63
 506 01e5 00       		.byte	0
 507 01e6 00       		.byte	0
 508 01e7 7E       		.byte	126
 509 01e8 00       		.byte	0
 510 01e9 00       		.byte	0
 511 01ea 7C       		.byte	124
 512 01eb 00       		.byte	0
 513 01ec 00       		.byte	0
ARM GAS  /tmp/cce3JAMw.s 			page 10


 514 01ed FC       		.byte	-4
 515 01ee 00       		.byte	0
 516 01ef 00       		.byte	0
 517 01f0 F8       		.byte	-8
 518 01f1 00       		.byte	0
 519 01f2 01       		.byte	1
 520 01f3 F8       		.byte	-8
 521 01f4 00       		.byte	0
 522 01f5 01       		.byte	1
 523 01f6 F0       		.byte	-16
 524 01f7 00       		.byte	0
 525 01f8 01       		.byte	1
 526 01f9 F0       		.byte	-16
 527 01fa 00       		.byte	0
 528 01fb 03       		.byte	3
 529 01fc F0       		.byte	-16
 530 01fd 00       		.byte	0
 531 01fe 03       		.byte	3
 532 01ff E0       		.byte	-32
 533 0200 00       		.byte	0
 534 0201 03       		.byte	3
 535 0202 E0       		.byte	-32
 536 0203 00       		.byte	0
 537 0204 03       		.byte	3
 538 0205 E0       		.byte	-32
 539 0206 00       		.byte	0
 540 0207 03       		.byte	3
 541 0208 E0       		.byte	-32
 542 0209 00       		.byte	0
 543 020a 03       		.byte	3
 544 020b E0       		.byte	-32
 545 020c 00       		.byte	0
 546 020d 03       		.byte	3
 547 020e E0       		.byte	-32
 548 020f 00       		.byte	0
 549 0210 03       		.byte	3
 550 0211 F8       		.byte	-8
 551 0212 08       		.byte	8
 552 0213 0F       		.byte	15
 553 0214 FE       		.byte	-2
 554 0215 00       		.byte	0
 555 0216 3F       		.byte	63
 556 0217 FF       		.byte	-1
 557 0218 80       		.byte	-128
 558 0219 7F       		.byte	127
 559 021a FF       		.byte	-1
 560 021b C0       		.byte	-64
 561 021c 7E       		.byte	126
 562 021d 0F       		.byte	15
 563 021e C0       		.byte	-64
 564 021f FC       		.byte	-4
 565 0220 07       		.byte	7
 566 0221 E0       		.byte	-32
 567 0222 F8       		.byte	-8
 568 0223 03       		.byte	3
 569 0224 E0       		.byte	-32
 570 0225 7C       		.byte	124
ARM GAS  /tmp/cce3JAMw.s 			page 11


 571 0226 07       		.byte	7
 572 0227 C0       		.byte	-64
 573 0228 7E       		.byte	126
 574 0229 0F       		.byte	15
 575 022a C0       		.byte	-64
 576 022b 3F       		.byte	63
 577 022c FF       		.byte	-1
 578 022d 80       		.byte	-128
 579 022e 1F       		.byte	31
 580 022f FF       		.byte	-1
 581 0230 00       		.byte	0
 582 0231 1F       		.byte	31
 583 0232 FF       		.byte	-1
 584 0233 00       		.byte	0
 585 0234 3F       		.byte	63
 586 0235 FF       		.byte	-1
 587 0236 80       		.byte	-128
 588 0237 7E       		.byte	126
 589 0238 0F       		.byte	15
 590 0239 C0       		.byte	-64
 591 023a FC       		.byte	-4
 592 023b 07       		.byte	7
 593 023c E0       		.byte	-32
 594 023d F8       		.byte	-8
 595 023e 03       		.byte	3
 596 023f E0       		.byte	-32
 597 0240 F8       		.byte	-8
 598 0241 03       		.byte	3
 599 0242 E0       		.byte	-32
 600 0243 FC       		.byte	-4
 601 0244 07       		.byte	7
 602 0245 E0       		.byte	-32
 603 0246 7F       		.byte	127
 604 0247 FF       		.byte	-1
 605 0248 C0       		.byte	-64
 606 0249 3F       		.byte	63
 607 024a FF       		.byte	-1
 608 024b 80       		.byte	-128
 609 024c 1F       		.byte	31
 610 024d FF       		.byte	-1
 611 024e 00       		.byte	0
 612 024f 07       		.byte	7
 613 0250 FC       		.byte	-4
 614 0251 08       		.byte	8
 615 0252 03       		.byte	3
 616 0253 F8       		.byte	-8
 617 0254 08       		.byte	8
 618 0255 0F       		.byte	15
 619 0256 FE       		.byte	-2
 620 0257 00       		.byte	0
 621 0258 3F       		.byte	63
 622 0259 FF       		.byte	-1
 623 025a 80       		.byte	-128
 624 025b 7F       		.byte	127
 625 025c FF       		.byte	-1
 626 025d C0       		.byte	-64
 627 025e 7E       		.byte	126
ARM GAS  /tmp/cce3JAMw.s 			page 12


 628 025f 0F       		.byte	15
 629 0260 C0       		.byte	-64
 630 0261 FC       		.byte	-4
 631 0262 07       		.byte	7
 632 0263 E0       		.byte	-32
 633 0264 F8       		.byte	-8
 634 0265 03       		.byte	3
 635 0266 E0       		.byte	-32
 636 0267 F8       		.byte	-8
 637 0268 03       		.byte	3
 638 0269 E0       		.byte	-32
 639 026a FC       		.byte	-4
 640 026b 03       		.byte	3
 641 026c E0       		.byte	-32
 642 026d FE       		.byte	-2
 643 026e 07       		.byte	7
 644 026f E0       		.byte	-32
 645 0270 7F       		.byte	127
 646 0271 FF       		.byte	-1
 647 0272 E0       		.byte	-32
 648 0273 3F       		.byte	63
 649 0274 FF       		.byte	-1
 650 0275 E0       		.byte	-32
 651 0276 0F       		.byte	15
 652 0277 FF       		.byte	-1
 653 0278 E0       		.byte	-32
 654 0279 03       		.byte	3
 655 027a FF       		.byte	-1
 656 027b E0       		.byte	-32
 657 027c 00       		.byte	0
 658 027d 03       		.byte	3
 659 027e E0       		.byte	-32
 660 027f 00       		.byte	0
 661 0280 03       		.byte	3
 662 0281 E0       		.byte	-32
 663 0282 F8       		.byte	-8
 664 0283 07       		.byte	7
 665 0284 E0       		.byte	-32
 666 0285 FC       		.byte	-4
 667 0286 0F       		.byte	15
 668 0287 C0       		.byte	-64
 669 0288 FF       		.byte	-1
 670 0289 FF       		.byte	-1
 671 028a C0       		.byte	-64
 672 028b 7F       		.byte	127
 673 028c FF       		.byte	-1
 674 028d 80       		.byte	-128
 675 028e 3F       		.byte	63
 676 028f FF       		.byte	-1
 677 0290 00       		.byte	0
 678 0291 0F       		.byte	15
 679 0292 FC       		.byte	-4
 680 0293 08       		.byte	8
 681 0294 00       		.byte	0
 682 0295 00       		.byte	0
 683 0296 08       		.byte	8
 684 0297 00       		.byte	0
ARM GAS  /tmp/cce3JAMw.s 			page 13


 685 0298 00       		.byte	0
 686 0299 00       		.byte	0
 687 029a 00       		.byte	0
 688 029b 00       		.byte	0
 689 029c 00       		.byte	0
 690 029d 00       		.byte	0
 691 029e 00       		.byte	0
 692 029f 00       		.byte	0
 693 02a0 00       		.byte	0
 694 02a1 00       		.byte	0
 695 02a2 00       		.byte	0
 696 02a3 00       		.byte	0
 697 02a4 00       		.byte	0
 698 02a5 00       		.byte	0
 699 02a6 00       		.byte	0
 700 02a7 00       		.byte	0
 701 02a8 00       		.byte	0
 702 02a9 00       		.byte	0
 703 02aa 00       		.byte	0
 704 02ab 00       		.byte	0
 705 02ac 00       		.byte	0
 706 02ad 00       		.byte	0
 707 02ae 00       		.byte	0
 708 02af 00       		.byte	0
 709 02b0 00       		.byte	0
 710 02b1 00       		.byte	0
 711 02b2 00       		.byte	0
 712 02b3 00       		.byte	0
 713 02b4 00       		.byte	0
 714 02b5 00       		.byte	0
 715 02b6 00       		.byte	0
 716 02b7 00       		.byte	0
 717 02b8 00       		.byte	0
 718 02b9 00       		.byte	0
 719 02ba 00       		.byte	0
 720 02bb 00       		.byte	0
 721 02bc 00       		.byte	0
 722 02bd 00       		.byte	0
 723 02be 00       		.byte	0
 724 02bf 00       		.byte	0
 725 02c0 00       		.byte	0
 726 02c1 00       		.byte	0
 727 02c2 00       		.byte	0
 728 02c3 00       		.byte	0
 729 02c4 00       		.byte	0
 730 02c5 00       		.byte	0
 731 02c6 00       		.byte	0
 732 02c7 01       		.byte	1
 733 02c8 C0       		.byte	-64
 734 02c9 00       		.byte	0
 735 02ca 03       		.byte	3
 736 02cb E0       		.byte	-32
 737 02cc 00       		.byte	0
 738 02cd 03       		.byte	3
 739 02ce E0       		.byte	-32
 740 02cf 00       		.byte	0
 741 02d0 01       		.byte	1
ARM GAS  /tmp/cce3JAMw.s 			page 14


 742 02d1 C0       		.byte	-64
 743 02d2 00       		.byte	0
 744 02d3 00       		.byte	0
 745 02d4 00       		.byte	0
 746 02d5 08       		.byte	8
 747 02d6 00       		.byte	0
 748 02d7 00       		.byte	0
 749 02d8 08       		.byte	8
 750 02d9 00       		.byte	0
 751 02da 00       		.byte	0
 752 02db 00       		.byte	0
 753 02dc 00       		.byte	0
 754 02dd 00       		.byte	0
 755 02de 00       		.byte	0
 756 02df 00       		.byte	0
 757 02e0 00       		.byte	0
 758 02e1 00       		.byte	0
 759 02e2 00       		.byte	0
 760 02e3 00       		.byte	0
 761 02e4 00       		.byte	0
 762 02e5 00       		.byte	0
 763 02e6 00       		.byte	0
 764 02e7 00       		.byte	0
 765 02e8 00       		.byte	0
 766 02e9 00       		.byte	0
 767 02ea 00       		.byte	0
 768 02eb 00       		.byte	0
 769 02ec 00       		.byte	0
 770 02ed 00       		.byte	0
 771 02ee 00       		.byte	0
 772 02ef 00       		.byte	0
 773 02f0 00       		.byte	0
 774 02f1 00       		.byte	0
 775 02f2 00       		.byte	0
 776 02f3 00       		.byte	0
 777 02f4 3F       		.byte	63
 778 02f5 FF       		.byte	-1
 779 02f6 C0       		.byte	-64
 780 02f7 3F       		.byte	63
 781 02f8 FF       		.byte	-1
 782 02f9 C0       		.byte	-64
 783 02fa 3F       		.byte	63
 784 02fb FF       		.byte	-1
 785 02fc C0       		.byte	-64
 786 02fd 3F       		.byte	63
 787 02fe FF       		.byte	-1
 788 02ff C0       		.byte	-64
 789 0300 00       		.byte	0
 790 0301 00       		.byte	0
 791 0302 00       		.byte	0
 792 0303 00       		.byte	0
 793 0304 00       		.byte	0
 794 0305 00       		.byte	0
 795 0306 00       		.byte	0
 796 0307 00       		.byte	0
 797 0308 00       		.byte	0
 798 0309 00       		.byte	0
ARM GAS  /tmp/cce3JAMw.s 			page 15


 799 030a 00       		.byte	0
 800 030b 00       		.byte	0
 801 030c 00       		.byte	0
 802 030d 00       		.byte	0
 803 030e 00       		.byte	0
 804 030f 00       		.byte	0
 805 0310 00       		.byte	0
 806 0311 00       		.byte	0
 807 0312 00       		.byte	0
 808 0313 00       		.byte	0
 809 0314 00       		.byte	0
 810 0315 00       		.byte	0
 811 0316 00       		.byte	0
 812 0317 08       		.byte	8
 813 0318 00       		.byte	0
 814 0319 00       		.byte	0
 815 031a 08       		.byte	8
 816 031b 00       		.byte	0
 817 031c 00       		.byte	0
 818 031d 00       		.byte	0
 819 031e 00       		.byte	0
 820 031f 00       		.byte	0
 821 0320 00       		.byte	0
 822 0321 00       		.byte	0
 823 0322 00       		.byte	0
 824 0323 00       		.byte	0
 825 0324 00       		.byte	0
 826 0325 00       		.byte	0
 827 0326 00       		.byte	0
 828 0327 00       		.byte	0
 829 0328 01       		.byte	1
 830 0329 E0       		.byte	-32
 831 032a 00       		.byte	0
 832 032b 03       		.byte	3
 833 032c E0       		.byte	-32
 834 032d 00       		.byte	0
 835 032e 07       		.byte	7
 836 032f E0       		.byte	-32
 837 0330 00       		.byte	0
 838 0331 0F       		.byte	15
 839 0332 E0       		.byte	-32
 840 0333 00       		.byte	0
 841 0334 0F       		.byte	15
 842 0335 E0       		.byte	-32
 843 0336 00       		.byte	0
 844 0337 03       		.byte	3
 845 0338 E0       		.byte	-32
 846 0339 00       		.byte	0
 847 033a 03       		.byte	3
 848 033b E0       		.byte	-32
 849 033c 30       		.byte	48
 850 033d 63       		.byte	99
 851 033e E0       		.byte	-32
 852 033f F8       		.byte	-8
 853 0340 F3       		.byte	-13
 854 0341 E0       		.byte	-32
 855 0342 7D       		.byte	125
ARM GAS  /tmp/cce3JAMw.s 			page 16


 856 0343 E3       		.byte	-29
 857 0344 E0       		.byte	-32
 858 0345 1F       		.byte	31
 859 0346 C3       		.byte	-61
 860 0347 E0       		.byte	-32
 861 0348 0F       		.byte	15
 862 0349 83       		.byte	-125
 863 034a E0       		.byte	-32
 864 034b 0F       		.byte	15
 865 034c 83       		.byte	-125
 866 034d E0       		.byte	-32
 867 034e 1F       		.byte	31
 868 034f C3       		.byte	-61
 869 0350 E0       		.byte	-32
 870 0351 3D       		.byte	61
 871 0352 E3       		.byte	-29
 872 0353 E0       		.byte	-32
 873 0354 78       		.byte	120
 874 0355 F3       		.byte	-13
 875 0356 E0       		.byte	-32
 876 0357 30       		.byte	48
 877 0358 63       		.byte	99
 878 0359 E8       		.byte	-24
 879 035a 7C       		.byte	124
 880 035b 00       		.byte	0
 881 035c 08       		.byte	8
 882 035d 7C       		.byte	124
 883 035e 00       		.byte	0
 884 035f 00       		.byte	0
 885 0360 7C       		.byte	124
 886 0361 00       		.byte	0
 887 0362 00       		.byte	0
 888 0363 7C       		.byte	124
 889 0364 00       		.byte	0
 890 0365 00       		.byte	0
 891 0366 7C       		.byte	124
 892 0367 00       		.byte	0
 893 0368 00       		.byte	0
 894 0369 7C       		.byte	124
 895 036a 00       		.byte	0
 896 036b 00       		.byte	0
 897 036c 7C       		.byte	124
 898 036d 1F       		.byte	31
 899 036e 80       		.byte	-128
 900 036f 7C       		.byte	124
 901 0370 3F       		.byte	63
 902 0371 00       		.byte	0
 903 0372 7C       		.byte	124
 904 0373 7E       		.byte	126
 905 0374 00       		.byte	0
 906 0375 7C       		.byte	124
 907 0376 FC       		.byte	-4
 908 0377 00       		.byte	0
 909 0378 7D       		.byte	125
 910 0379 F8       		.byte	-8
 911 037a 00       		.byte	0
 912 037b 7F       		.byte	127
ARM GAS  /tmp/cce3JAMw.s 			page 17


 913 037c F0       		.byte	-16
 914 037d 00       		.byte	0
 915 037e 7F       		.byte	127
 916 037f E0       		.byte	-32
 917 0380 00       		.byte	0
 918 0381 7F       		.byte	127
 919 0382 C0       		.byte	-64
 920 0383 00       		.byte	0
 921 0384 7F       		.byte	127
 922 0385 C0       		.byte	-64
 923 0386 00       		.byte	0
 924 0387 7F       		.byte	127
 925 0388 E0       		.byte	-32
 926 0389 00       		.byte	0
 927 038a 7F       		.byte	127
 928 038b F0       		.byte	-16
 929 038c 00       		.byte	0
 930 038d 7D       		.byte	125
 931 038e F8       		.byte	-8
 932 038f 00       		.byte	0
 933 0390 7C       		.byte	124
 934 0391 FC       		.byte	-4
 935 0392 00       		.byte	0
 936 0393 7C       		.byte	124
 937 0394 7E       		.byte	126
 938 0395 00       		.byte	0
 939 0396 7C       		.byte	124
 940 0397 3F       		.byte	63
 941 0398 00       		.byte	0
 942 0399 7C       		.byte	124
 943 039a 1F       		.byte	31
 944 039b 88       		.byte	-120
 945 039c F8       		.byte	-8
 946 039d 03       		.byte	3
 947 039e E8       		.byte	-24
 948 039f F8       		.byte	-8
 949 03a0 03       		.byte	3
 950 03a1 E0       		.byte	-32
 951 03a2 FC       		.byte	-4
 952 03a3 07       		.byte	7
 953 03a4 E0       		.byte	-32
 954 03a5 FC       		.byte	-4
 955 03a6 07       		.byte	7
 956 03a7 E0       		.byte	-32
 957 03a8 FE       		.byte	-2
 958 03a9 0F       		.byte	15
 959 03aa E0       		.byte	-32
 960 03ab FE       		.byte	-2
 961 03ac 0F       		.byte	15
 962 03ad E0       		.byte	-32
 963 03ae FF       		.byte	-1
 964 03af 1F       		.byte	31
 965 03b0 E0       		.byte	-32
 966 03b1 FF       		.byte	-1
 967 03b2 1F       		.byte	31
 968 03b3 E0       		.byte	-32
 969 03b4 FF       		.byte	-1
ARM GAS  /tmp/cce3JAMw.s 			page 18


 970 03b5 BF       		.byte	-65
 971 03b6 E0       		.byte	-32
 972 03b7 FF       		.byte	-1
 973 03b8 BF       		.byte	-65
 974 03b9 E0       		.byte	-32
 975 03ba FF       		.byte	-1
 976 03bb FF       		.byte	-1
 977 03bc E0       		.byte	-32
 978 03bd FF       		.byte	-1
 979 03be FF       		.byte	-1
 980 03bf E0       		.byte	-32
 981 03c0 FF       		.byte	-1
 982 03c1 FF       		.byte	-1
 983 03c2 E0       		.byte	-32
 984 03c3 FF       		.byte	-1
 985 03c4 FF       		.byte	-1
 986 03c5 E0       		.byte	-32
 987 03c6 FB       		.byte	-5
 988 03c7 FB       		.byte	-5
 989 03c8 E0       		.byte	-32
 990 03c9 FB       		.byte	-5
 991 03ca FB       		.byte	-5
 992 03cb E0       		.byte	-32
 993 03cc F9       		.byte	-7
 994 03cd F3       		.byte	-13
 995 03ce E0       		.byte	-32
 996 03cf F9       		.byte	-7
 997 03d0 F3       		.byte	-13
 998 03d1 E0       		.byte	-32
 999 03d2 F8       		.byte	-8
 1000 03d3 E3       		.byte	-29
 1001 03d4 E0       		.byte	-32
 1002 03d5 F8       		.byte	-8
 1003 03d6 E3       		.byte	-29
 1004 03d7 E0       		.byte	-32
 1005 03d8 F8       		.byte	-8
 1006 03d9 03       		.byte	3
 1007 03da E0       		.byte	-32
 1008 03db F8       		.byte	-8
 1009 03dc 03       		.byte	3
 1010 03dd E8       		.byte	-24
 1011 03de 07       		.byte	7
 1012 03df FC       		.byte	-4
 1013 03e0 08       		.byte	8
 1014 03e1 1F       		.byte	31
 1015 03e2 FF       		.byte	-1
 1016 03e3 00       		.byte	0
 1017 03e4 3F       		.byte	63
 1018 03e5 FF       		.byte	-1
 1019 03e6 80       		.byte	-128
 1020 03e7 7F       		.byte	127
 1021 03e8 FF       		.byte	-1
 1022 03e9 C0       		.byte	-64
 1023 03ea 7E       		.byte	126
 1024 03eb 0F       		.byte	15
 1025 03ec C0       		.byte	-64
 1026 03ed FC       		.byte	-4
ARM GAS  /tmp/cce3JAMw.s 			page 19


 1027 03ee 07       		.byte	7
 1028 03ef E0       		.byte	-32
 1029 03f0 F8       		.byte	-8
 1030 03f1 03       		.byte	3
 1031 03f2 E0       		.byte	-32
 1032 03f3 F8       		.byte	-8
 1033 03f4 03       		.byte	3
 1034 03f5 E0       		.byte	-32
 1035 03f6 F8       		.byte	-8
 1036 03f7 00       		.byte	0
 1037 03f8 00       		.byte	0
 1038 03f9 F8       		.byte	-8
 1039 03fa 00       		.byte	0
 1040 03fb 00       		.byte	0
 1041 03fc F8       		.byte	-8
 1042 03fd 00       		.byte	0
 1043 03fe 00       		.byte	0
 1044 03ff F8       		.byte	-8
 1045 0400 00       		.byte	0
 1046 0401 00       		.byte	0
 1047 0402 F8       		.byte	-8
 1048 0403 1F       		.byte	31
 1049 0404 E0       		.byte	-32
 1050 0405 F8       		.byte	-8
 1051 0406 1F       		.byte	31
 1052 0407 E0       		.byte	-32
 1053 0408 F8       		.byte	-8
 1054 0409 1F       		.byte	31
 1055 040a E0       		.byte	-32
 1056 040b F8       		.byte	-8
 1057 040c 1F       		.byte	31
 1058 040d E0       		.byte	-32
 1059 040e FC       		.byte	-4
 1060 040f 07       		.byte	7
 1061 0410 E0       		.byte	-32
 1062 0411 7E       		.byte	126
 1063 0412 0F       		.byte	15
 1064 0413 E0       		.byte	-32
 1065 0414 7F       		.byte	127
 1066 0415 FF       		.byte	-1
 1067 0416 E0       		.byte	-32
 1068 0417 3F       		.byte	63
 1069 0418 FF       		.byte	-1
 1070 0419 E0       		.byte	-32
 1071 041a 1F       		.byte	31
 1072 041b FF       		.byte	-1
 1073 041c E0       		.byte	-32
 1074 041d 07       		.byte	7
 1075 041e FB       		.byte	-5
 1076 041f E8       		.byte	-24
 1077 0420 00       		.byte	0
 1078 0421 00       		.byte	0
 1079 0422 08       		.byte	8
 1080 0423 00       		.byte	0
 1081 0424 20       		.byte	32
 1082 0425 00       		.byte	0
 1083 0426 00       		.byte	0
ARM GAS  /tmp/cce3JAMw.s 			page 20


 1084 0427 60       		.byte	96
 1085 0428 00       		.byte	0
 1086 0429 00       		.byte	0
 1087 042a E0       		.byte	-32
 1088 042b 00       		.byte	0
 1089 042c 01       		.byte	1
 1090 042d E0       		.byte	-32
 1091 042e 00       		.byte	0
 1092 042f 03       		.byte	3
 1093 0430 E0       		.byte	-32
 1094 0431 00       		.byte	0
 1095 0432 07       		.byte	7
 1096 0433 FF       		.byte	-1
 1097 0434 E0       		.byte	-32
 1098 0435 0F       		.byte	15
 1099 0436 FF       		.byte	-1
 1100 0437 E0       		.byte	-32
 1101 0438 1F       		.byte	31
 1102 0439 FF       		.byte	-1
 1103 043a E0       		.byte	-32
 1104 043b 3F       		.byte	63
 1105 043c FF       		.byte	-1
 1106 043d E0       		.byte	-32
 1107 043e 7F       		.byte	127
 1108 043f FF       		.byte	-1
 1109 0440 E0       		.byte	-32
 1110 0441 FF       		.byte	-1
 1111 0442 FF       		.byte	-1
 1112 0443 E0       		.byte	-32
 1113 0444 7F       		.byte	127
 1114 0445 FF       		.byte	-1
 1115 0446 E0       		.byte	-32
 1116 0447 3F       		.byte	63
 1117 0448 FF       		.byte	-1
 1118 0449 E0       		.byte	-32
 1119 044a 1F       		.byte	31
 1120 044b FF       		.byte	-1
 1121 044c E0       		.byte	-32
 1122 044d 0F       		.byte	15
 1123 044e FF       		.byte	-1
 1124 044f E0       		.byte	-32
 1125 0450 07       		.byte	7
 1126 0451 FF       		.byte	-1
 1127 0452 E0       		.byte	-32
 1128 0453 03       		.byte	3
 1129 0454 E0       		.byte	-32
 1130 0455 00       		.byte	0
 1131 0456 01       		.byte	1
 1132 0457 E0       		.byte	-32
 1133 0458 00       		.byte	0
 1134 0459 00       		.byte	0
 1135 045a E0       		.byte	-32
 1136 045b 00       		.byte	0
 1137 045c 00       		.byte	0
 1138 045d 60       		.byte	96
 1139 045e 00       		.byte	0
 1140 045f 00       		.byte	0
ARM GAS  /tmp/cce3JAMw.s 			page 21


 1141 0460 20       		.byte	32
 1142 0461 08       		.byte	8
 1143 0462 00       		.byte	0
 1144 0463 00       		.byte	0
 1145 0464 08       		.byte	8
 1146 0465 00       		.byte	0
 1147 0466 00       		.byte	0
 1148 0467 00       		.byte	0
 1149 0468 00       		.byte	0
 1150 0469 00       		.byte	0
 1151 046a 00       		.byte	0
 1152 046b 00       		.byte	0
 1153 046c 00       		.byte	0
 1154 046d 00       		.byte	0
 1155 046e 00       		.byte	0
 1156 046f 00       		.byte	0
 1157 0470 00       		.byte	0
 1158 0471 07       		.byte	7
 1159 0472 8F       		.byte	-113
 1160 0473 00       		.byte	0
 1161 0474 0F       		.byte	15
 1162 0475 DF       		.byte	-33
 1163 0476 80       		.byte	-128
 1164 0477 1F       		.byte	31
 1165 0478 DF       		.byte	-33
 1166 0479 C0       		.byte	-64
 1167 047a 38       		.byte	56
 1168 047b F1       		.byte	-15
 1169 047c C0       		.byte	-64
 1170 047d 78       		.byte	120
 1171 047e E1       		.byte	-31
 1172 047f E0       		.byte	-32
 1173 0480 70       		.byte	112
 1174 0481 60       		.byte	96
 1175 0482 E0       		.byte	-32
 1176 0483 70       		.byte	112
 1177 0484 60       		.byte	96
 1178 0485 E0       		.byte	-32
 1179 0486 70       		.byte	112
 1180 0487 60       		.byte	96
 1181 0488 E0       		.byte	-32
 1182 0489 70       		.byte	112
 1183 048a 60       		.byte	96
 1184 048b E0       		.byte	-32
 1185 048c 78       		.byte	120
 1186 048d 71       		.byte	113
 1187 048e E0       		.byte	-32
 1188 048f 38       		.byte	56
 1189 0490 F1       		.byte	-15
 1190 0491 C0       		.byte	-64
 1191 0492 3F       		.byte	63
 1192 0493 BF       		.byte	-65
 1193 0494 C0       		.byte	-64
 1194 0495 1F       		.byte	31
 1195 0496 BF       		.byte	-65
 1196 0497 80       		.byte	-128
 1197 0498 0F       		.byte	15
ARM GAS  /tmp/cce3JAMw.s 			page 22


 1198 0499 1E       		.byte	30
 1199 049a 00       		.byte	0
 1200 049b 00       		.byte	0
 1201 049c 00       		.byte	0
 1202 049d 00       		.byte	0
 1203 049e 00       		.byte	0
 1204 049f 00       		.byte	0
 1205 04a0 00       		.byte	0
 1206 04a1 00       		.byte	0
 1207 04a2 00       		.byte	0
 1208 04a3 08       		.byte	8
 1209 04a4 00       		.byte	0
 1210 04a5 00       		.byte	0
 1211 04a6 00       		.byte	0
 1212 04a7 00       		.byte	0
 1213 04a8 00       		.byte	0
 1214 04a9 00       		.byte	0
 1215 04aa 00       		.byte	0
 1216 04ab 00       		.byte	0
 1217 04ac 00       		.byte	0
 1218 04ad 00       		.byte	0
 1219 04ae 00       		.byte	0
 1220 04af 00       		.byte	0
 1221 04b0 00       		.byte	0
 1222 04b1 00       		.byte	0
 1223 04b2 00       		.byte	0
 1224 04b3 00       		.byte	0
 1225 04b4 00       		.byte	0
 1226 04b5 00       		.byte	0
 1227 04b6 00       		.byte	0
 1228 04b7 00       		.byte	0
 1229 04b8 00       		.byte	0
 1230 04b9 03       		.byte	3
 1231 04ba BF       		.byte	-65
 1232 04bb 00       		.byte	0
 1233 04bc 03       		.byte	3
 1234 04bd BF       		.byte	-65
 1235 04be 80       		.byte	-128
 1236 04bf 03       		.byte	3
 1237 04c0 BF       		.byte	-65
 1238 04c1 C0       		.byte	-64
 1239 04c2 03       		.byte	3
 1240 04c3 B9       		.byte	-71
 1241 04c4 E0       		.byte	-32
 1242 04c5 03       		.byte	3
 1243 04c6 B8       		.byte	-72
 1244 04c7 E0       		.byte	-32
 1245 04c8 3F       		.byte	63
 1246 04c9 B9       		.byte	-71
 1247 04ca E0       		.byte	-32
 1248 04cb 7F       		.byte	127
 1249 04cc BF       		.byte	-65
 1250 04cd E0       		.byte	-32
 1251 04ce FF       		.byte	-1
 1252 04cf BF       		.byte	-65
 1253 04d0 80       		.byte	-128
 1254 04d1 F3       		.byte	-13
ARM GAS  /tmp/cce3JAMw.s 			page 23


 1255 04d2 BF       		.byte	-65
 1256 04d3 C0       		.byte	-64
 1257 04d4 E3       		.byte	-29
 1258 04d5 B9       		.byte	-71
 1259 04d6 E0       		.byte	-32
 1260 04d7 E3       		.byte	-29
 1261 04d8 B8       		.byte	-72
 1262 04d9 E0       		.byte	-32
 1263 04da F3       		.byte	-13
 1264 04db B9       		.byte	-71
 1265 04dc E0       		.byte	-32
 1266 04dd 7F       		.byte	127
 1267 04de BF       		.byte	-65
 1268 04df E0       		.byte	-32
 1269 04e0 7F       		.byte	127
 1270 04e1 BF       		.byte	-65
 1271 04e2 C0       		.byte	-64
 1272 04e3 3D       		.byte	61
 1273 04e4 BF       		.byte	-65
 1274 04e5 08       		.byte	8
 1275 04e6 00       		.byte	0
 1276 04e7 00       		.byte	0
 1277 04e8 00       		.byte	0
 1278 04e9 00       		.byte	0
 1279 04ea 00       		.byte	0
 1280 04eb 00       		.byte	0
 1281 04ec 00       		.byte	0
 1282 04ed 00       		.byte	0
 1283 04ee 00       		.byte	0
 1284 04ef 00       		.byte	0
 1285 04f0 00       		.byte	0
 1286 04f1 00       		.byte	0
 1287 04f2 00       		.byte	0
 1288 04f3 00       		.byte	0
 1289 04f4 00       		.byte	0
 1290 04f5 00       		.byte	0
 1291 04f6 00       		.byte	0
 1292 04f7 00       		.byte	0
 1293 04f8 00       		.byte	0
 1294 04f9 00       		.byte	0
 1295 04fa 00       		.byte	0
 1296 04fb 00       		.byte	0
 1297 04fc 18       		.byte	24
 1298 04fd 00       		.byte	0
 1299 04fe 1C       		.byte	28
 1300 04ff 18       		.byte	24
 1301 0500 00       		.byte	0
 1302 0501 1C       		.byte	28
 1303 0502 18       		.byte	24
 1304 0503 00       		.byte	0
 1305 0504 1C       		.byte	28
 1306 0505 30       		.byte	48
 1307 0506 00       		.byte	0
 1308 0507 FF       		.byte	-1
 1309 0508 B7       		.byte	-73
 1310 0509 F0       		.byte	-16
 1311 050a FF       		.byte	-1
ARM GAS  /tmp/cce3JAMw.s 			page 24


 1312 050b B7       		.byte	-73
 1313 050c F0       		.byte	-16
 1314 050d FF       		.byte	-1
 1315 050e B7       		.byte	-73
 1316 050f F0       		.byte	-16
 1317 0510 1C       		.byte	28
 1318 0511 30       		.byte	48
 1319 0512 00       		.byte	0
 1320 0513 1C       		.byte	28
 1321 0514 60       		.byte	96
 1322 0515 00       		.byte	0
 1323 0516 1C       		.byte	28
 1324 0517 60       		.byte	96
 1325 0518 00       		.byte	0
 1326 0519 00       		.byte	0
 1327 051a 60       		.byte	96
 1328 051b 00       		.byte	0
 1329 051c 00       		.byte	0
 1330 051d 00       		.byte	0
 1331 051e 00       		.byte	0
 1332 051f 00       		.byte	0
 1333 0520 00       		.byte	0
 1334 0521 00       		.byte	0
 1335 0522 00       		.byte	0
 1336 0523 00       		.byte	0
 1337 0524 00       		.byte	0
 1338 0525 00       		.byte	0
 1339 0526 00       		.byte	0
 1340 0527 08       		.byte	8
 1341 0528 00       		.byte	0
 1342 0529 00       		.byte	0
 1343 052a 00       		.byte	0
 1344 052b 3D       		.byte	61
 1345 052c EF       		.byte	-17
 1346 052d 00       		.byte	0
 1347 052e 3D       		.byte	61
 1348 052f EF       		.byte	-17
 1349 0530 00       		.byte	0
 1350 0531 3D       		.byte	61
 1351 0532 EF       		.byte	-17
 1352 0533 00       		.byte	0
 1353 0534 3D       		.byte	61
 1354 0535 EF       		.byte	-17
 1355 0536 00       		.byte	0
 1356 0537 00       		.byte	0
 1357 0538 00       		.byte	0
 1358 0539 00       		.byte	0
 1359 053a 3D       		.byte	61
 1360 053b EF       		.byte	-17
 1361 053c 00       		.byte	0
 1362 053d 3D       		.byte	61
 1363 053e EF       		.byte	-17
 1364 053f 00       		.byte	0
 1365 0540 3D       		.byte	61
 1366 0541 EF       		.byte	-17
 1367 0542 00       		.byte	0
 1368 0543 3D       		.byte	61
ARM GAS  /tmp/cce3JAMw.s 			page 25


 1369 0544 EF       		.byte	-17
 1370 0545 00       		.byte	0
 1371 0546 00       		.byte	0
 1372 0547 00       		.byte	0
 1373 0548 00       		.byte	0
 1374 0549 3D       		.byte	61
 1375 054a EF       		.byte	-17
 1376 054b 00       		.byte	0
 1377 054c 3D       		.byte	61
 1378 054d EF       		.byte	-17
 1379 054e 00       		.byte	0
 1380 054f 3D       		.byte	61
 1381 0550 EF       		.byte	-17
 1382 0551 00       		.byte	0
 1383 0552 3D       		.byte	61
 1384 0553 EF       		.byte	-17
 1385 0554 00       		.byte	0
 1386 0555 00       		.byte	0
 1387 0556 00       		.byte	0
 1388 0557 00       		.byte	0
 1389 0558 3D       		.byte	61
 1390 0559 EF       		.byte	-17
 1391 055a 00       		.byte	0
 1392 055b 3D       		.byte	61
 1393 055c EF       		.byte	-17
 1394 055d 00       		.byte	0
 1395 055e 3D       		.byte	61
 1396 055f EF       		.byte	-17
 1397 0560 00       		.byte	0
 1398 0561 3D       		.byte	61
 1399 0562 EF       		.byte	-17
 1400 0563 00       		.byte	0
 1401 0564 00       		.byte	0
 1402 0565 00       		.byte	0
 1403 0566 00       		.byte	0
 1404 0567 00       		.byte	0
 1405 0568 00       		.byte	0
 1406 0569 08       		.byte	8
 1407 056a 00       		.byte	0
 1408 056b 00       		.byte	0
 1409 056c 00       		.byte	0
 1410 056d 00       		.byte	0
 1411 056e 00       		.byte	0
 1412 056f 00       		.byte	0
 1413 0570 00       		.byte	0
 1414 0571 00       		.byte	0
 1415 0572 00       		.byte	0
 1416 0573 00       		.byte	0
 1417 0574 00       		.byte	0
 1418 0575 00       		.byte	0
 1419 0576 00       		.byte	0
 1420 0577 00       		.byte	0
 1421 0578 00       		.byte	0
 1422 0579 00       		.byte	0
 1423 057a 00       		.byte	0
 1424 057b 00       		.byte	0
 1425 057c 00       		.byte	0
ARM GAS  /tmp/cce3JAMw.s 			page 26


 1426 057d 00       		.byte	0
 1427 057e 00       		.byte	0
 1428 057f 00       		.byte	0
 1429 0580 00       		.byte	0
 1430 0581 00       		.byte	0
 1431 0582 79       		.byte	121
 1432 0583 FC       		.byte	-4
 1433 0584 00       		.byte	0
 1434 0585 7F       		.byte	127
 1435 0586 FF       		.byte	-1
 1436 0587 00       		.byte	0
 1437 0588 7F       		.byte	127
 1438 0589 FF       		.byte	-1
 1439 058a 80       		.byte	-128
 1440 058b 7F       		.byte	127
 1441 058c FF       		.byte	-1
 1442 058d 80       		.byte	-128
 1443 058e 7E       		.byte	126
 1444 058f 0F       		.byte	15
 1445 0590 C0       		.byte	-64
 1446 0591 7C       		.byte	124
 1447 0592 07       		.byte	7
 1448 0593 C0       		.byte	-64
 1449 0594 78       		.byte	120
 1450 0595 03       		.byte	3
 1451 0596 C0       		.byte	-64
 1452 0597 78       		.byte	120
 1453 0598 03       		.byte	3
 1454 0599 C0       		.byte	-64
 1455 059a 78       		.byte	120
 1456 059b 03       		.byte	3
 1457 059c C0       		.byte	-64
 1458 059d 78       		.byte	120
 1459 059e 03       		.byte	3
 1460 059f C0       		.byte	-64
 1461 05a0 78       		.byte	120
 1462 05a1 03       		.byte	3
 1463 05a2 C0       		.byte	-64
 1464 05a3 78       		.byte	120
 1465 05a4 03       		.byte	3
 1466 05a5 C0       		.byte	-64
 1467 05a6 78       		.byte	120
 1468 05a7 03       		.byte	3
 1469 05a8 C0       		.byte	-64
 1470 05a9 78       		.byte	120
 1471 05aa 03       		.byte	3
 1472 05ab C8       		.byte	-56
 1473 05ac 00       		.byte	0
 1474 05ad 00       		.byte	0
 1475 05ae 00       		.byte	0
 1476 05af 00       		.byte	0
 1477 05b0 00       		.byte	0
 1478 05b1 00       		.byte	0
 1479 05b2 00       		.byte	0
 1480 05b3 00       		.byte	0
 1481 05b4 00       		.byte	0
 1482 05b5 00       		.byte	0
ARM GAS  /tmp/cce3JAMw.s 			page 27


 1483 05b6 00       		.byte	0
 1484 05b7 00       		.byte	0
 1485 05b8 00       		.byte	0
 1486 05b9 00       		.byte	0
 1487 05ba 00       		.byte	0
 1488 05bb 00       		.byte	0
 1489 05bc 00       		.byte	0
 1490 05bd 00       		.byte	0
 1491 05be 3D       		.byte	61
 1492 05bf FC       		.byte	-4
 1493 05c0 00       		.byte	0
 1494 05c1 3F       		.byte	63
 1495 05c2 FF       		.byte	-1
 1496 05c3 00       		.byte	0
 1497 05c4 3F       		.byte	63
 1498 05c5 FF       		.byte	-1
 1499 05c6 80       		.byte	-128
 1500 05c7 3F       		.byte	63
 1501 05c8 FF       		.byte	-1
 1502 05c9 C0       		.byte	-64
 1503 05ca 3F       		.byte	63
 1504 05cb 07       		.byte	7
 1505 05cc C0       		.byte	-64
 1506 05cd 3E       		.byte	62
 1507 05ce 03       		.byte	3
 1508 05cf C0       		.byte	-64
 1509 05d0 3E       		.byte	62
 1510 05d1 03       		.byte	3
 1511 05d2 C0       		.byte	-64
 1512 05d3 3E       		.byte	62
 1513 05d4 03       		.byte	3
 1514 05d5 C0       		.byte	-64
 1515 05d6 3F       		.byte	63
 1516 05d7 07       		.byte	7
 1517 05d8 C0       		.byte	-64
 1518 05d9 3F       		.byte	63
 1519 05da FF       		.byte	-1
 1520 05db C0       		.byte	-64
 1521 05dc 3F       		.byte	63
 1522 05dd FF       		.byte	-1
 1523 05de 80       		.byte	-128
 1524 05df 3F       		.byte	63
 1525 05e0 FF       		.byte	-1
 1526 05e1 00       		.byte	0
 1527 05e2 3D       		.byte	61
 1528 05e3 FC       		.byte	-4
 1529 05e4 00       		.byte	0
 1530 05e5 3C       		.byte	60
 1531 05e6 00       		.byte	0
 1532 05e7 00       		.byte	0
 1533 05e8 3C       		.byte	60
 1534 05e9 00       		.byte	0
 1535 05ea 00       		.byte	0
 1536 05eb 3C       		.byte	60
 1537 05ec 00       		.byte	0
 1538 05ed 08       		.byte	8
 1539              		.text
ARM GAS  /tmp/cce3JAMw.s 			page 28


 1540              	.Letext0:
 1541              		.file 1 "/opt/nanovna/gcc-arm-none-eabi-8-2018-q4-major/arm-none-eabi/include/machine/_default_typ
 1542              		.file 2 "/opt/nanovna/gcc-arm-none-eabi-8-2018-q4-major/arm-none-eabi/include/sys/_stdint.h"
 1543              		.file 3 "numfont20x22.c"
 1544              		.section	.debug_info,"",%progbits
 1545              	.Ldebug_info0:
 1546 0000 AA000000 		.4byte	0xaa
 1547 0004 0400     		.2byte	0x4
 1548 0006 00000000 		.4byte	.Ldebug_abbrev0
 1549 000a 04       		.byte	0x4
 1550 000b 01       		.uleb128 0x1
 1551 000c 18000000 		.4byte	.LASF11
 1552 0010 0C       		.byte	0xc
 1553 0011 55010000 		.4byte	.LASF12
 1554 0015 A8010000 		.4byte	.LASF13
 1555 0019 00000000 		.4byte	.Ldebug_line0
 1556 001d 02       		.uleb128 0x2
 1557 001e 01       		.byte	0x1
 1558 001f 06       		.byte	0x6
 1559 0020 C8010000 		.4byte	.LASF0
 1560 0024 03       		.uleb128 0x3
 1561 0025 00000000 		.4byte	.LASF9
 1562 0029 01       		.byte	0x1
 1563 002a 2B       		.byte	0x2b
 1564 002b 18       		.byte	0x18
 1565 002c 30000000 		.4byte	0x30
 1566 0030 02       		.uleb128 0x2
 1567 0031 01       		.byte	0x1
 1568 0032 08       		.byte	0x8
 1569 0033 0A000000 		.4byte	.LASF1
 1570 0037 02       		.uleb128 0x2
 1571 0038 02       		.byte	0x2
 1572 0039 05       		.byte	0x5
 1573 003a 9E010000 		.4byte	.LASF2
 1574 003e 02       		.uleb128 0x2
 1575 003f 02       		.byte	0x2
 1576 0040 07       		.byte	0x7
 1577 0041 35010000 		.4byte	.LASF3
 1578 0045 02       		.uleb128 0x2
 1579 0046 04       		.byte	0x4
 1580 0047 05       		.byte	0x5
 1581 0048 BF010000 		.4byte	.LASF4
 1582 004c 02       		.uleb128 0x2
 1583 004d 04       		.byte	0x4
 1584 004e 07       		.byte	0x7
 1585 004f 23010000 		.4byte	.LASF5
 1586 0053 02       		.uleb128 0x2
 1587 0054 08       		.byte	0x8
 1588 0055 05       		.byte	0x5
 1589 0056 90010000 		.4byte	.LASF6
 1590 005a 02       		.uleb128 0x2
 1591 005b 08       		.byte	0x8
 1592 005c 07       		.byte	0x7
 1593 005d 71010000 		.4byte	.LASF7
 1594 0061 04       		.uleb128 0x4
 1595 0062 04       		.byte	0x4
 1596 0063 05       		.byte	0x5
ARM GAS  /tmp/cce3JAMw.s 			page 29


 1597 0064 696E7400 		.ascii	"int\000"
 1598 0068 02       		.uleb128 0x2
 1599 0069 04       		.byte	0x4
 1600 006a 07       		.byte	0x7
 1601 006b 64010000 		.4byte	.LASF8
 1602 006f 03       		.uleb128 0x3
 1603 0070 88010000 		.4byte	.LASF10
 1604 0074 02       		.byte	0x2
 1605 0075 18       		.byte	0x18
 1606 0076 13       		.byte	0x13
 1607 0077 24000000 		.4byte	0x24
 1608 007b 05       		.uleb128 0x5
 1609 007c 6F000000 		.4byte	0x6f
 1610 0080 06       		.uleb128 0x6
 1611 0081 7B000000 		.4byte	0x7b
 1612 0085 96000000 		.4byte	0x96
 1613 0089 07       		.uleb128 0x7
 1614 008a 68000000 		.4byte	0x68
 1615 008e 16       		.byte	0x16
 1616 008f 07       		.uleb128 0x7
 1617 0090 68000000 		.4byte	0x68
 1618 0094 41       		.byte	0x41
 1619 0095 00       		.byte	0
 1620 0096 05       		.uleb128 0x5
 1621 0097 80000000 		.4byte	0x80
 1622 009b 08       		.uleb128 0x8
 1623 009c 48010000 		.4byte	.LASF14
 1624 00a0 03       		.byte	0x3
 1625 00a1 19       		.byte	0x19
 1626 00a2 0F       		.byte	0xf
 1627 00a3 96000000 		.4byte	0x96
 1628 00a7 05       		.uleb128 0x5
 1629 00a8 03       		.byte	0x3
 1630 00a9 00000000 		.4byte	numfont20x22
 1631 00ad 00       		.byte	0
 1632              		.section	.debug_abbrev,"",%progbits
 1633              	.Ldebug_abbrev0:
 1634 0000 01       		.uleb128 0x1
 1635 0001 11       		.uleb128 0x11
 1636 0002 01       		.byte	0x1
 1637 0003 25       		.uleb128 0x25
 1638 0004 0E       		.uleb128 0xe
 1639 0005 13       		.uleb128 0x13
 1640 0006 0B       		.uleb128 0xb
 1641 0007 03       		.uleb128 0x3
 1642 0008 0E       		.uleb128 0xe
 1643 0009 1B       		.uleb128 0x1b
 1644 000a 0E       		.uleb128 0xe
 1645 000b 10       		.uleb128 0x10
 1646 000c 17       		.uleb128 0x17
 1647 000d 00       		.byte	0
 1648 000e 00       		.byte	0
 1649 000f 02       		.uleb128 0x2
 1650 0010 24       		.uleb128 0x24
 1651 0011 00       		.byte	0
 1652 0012 0B       		.uleb128 0xb
 1653 0013 0B       		.uleb128 0xb
ARM GAS  /tmp/cce3JAMw.s 			page 30


 1654 0014 3E       		.uleb128 0x3e
 1655 0015 0B       		.uleb128 0xb
 1656 0016 03       		.uleb128 0x3
 1657 0017 0E       		.uleb128 0xe
 1658 0018 00       		.byte	0
 1659 0019 00       		.byte	0
 1660 001a 03       		.uleb128 0x3
 1661 001b 16       		.uleb128 0x16
 1662 001c 00       		.byte	0
 1663 001d 03       		.uleb128 0x3
 1664 001e 0E       		.uleb128 0xe
 1665 001f 3A       		.uleb128 0x3a
 1666 0020 0B       		.uleb128 0xb
 1667 0021 3B       		.uleb128 0x3b
 1668 0022 0B       		.uleb128 0xb
 1669 0023 39       		.uleb128 0x39
 1670 0024 0B       		.uleb128 0xb
 1671 0025 49       		.uleb128 0x49
 1672 0026 13       		.uleb128 0x13
 1673 0027 00       		.byte	0
 1674 0028 00       		.byte	0
 1675 0029 04       		.uleb128 0x4
 1676 002a 24       		.uleb128 0x24
 1677 002b 00       		.byte	0
 1678 002c 0B       		.uleb128 0xb
 1679 002d 0B       		.uleb128 0xb
 1680 002e 3E       		.uleb128 0x3e
 1681 002f 0B       		.uleb128 0xb
 1682 0030 03       		.uleb128 0x3
 1683 0031 08       		.uleb128 0x8
 1684 0032 00       		.byte	0
 1685 0033 00       		.byte	0
 1686 0034 05       		.uleb128 0x5
 1687 0035 26       		.uleb128 0x26
 1688 0036 00       		.byte	0
 1689 0037 49       		.uleb128 0x49
 1690 0038 13       		.uleb128 0x13
 1691 0039 00       		.byte	0
 1692 003a 00       		.byte	0
 1693 003b 06       		.uleb128 0x6
 1694 003c 01       		.uleb128 0x1
 1695 003d 01       		.byte	0x1
 1696 003e 49       		.uleb128 0x49
 1697 003f 13       		.uleb128 0x13
 1698 0040 01       		.uleb128 0x1
 1699 0041 13       		.uleb128 0x13
 1700 0042 00       		.byte	0
 1701 0043 00       		.byte	0
 1702 0044 07       		.uleb128 0x7
 1703 0045 21       		.uleb128 0x21
 1704 0046 00       		.byte	0
 1705 0047 49       		.uleb128 0x49
 1706 0048 13       		.uleb128 0x13
 1707 0049 2F       		.uleb128 0x2f
 1708 004a 0B       		.uleb128 0xb
 1709 004b 00       		.byte	0
 1710 004c 00       		.byte	0
ARM GAS  /tmp/cce3JAMw.s 			page 31


 1711 004d 08       		.uleb128 0x8
 1712 004e 34       		.uleb128 0x34
 1713 004f 00       		.byte	0
 1714 0050 03       		.uleb128 0x3
 1715 0051 0E       		.uleb128 0xe
 1716 0052 3A       		.uleb128 0x3a
 1717 0053 0B       		.uleb128 0xb
 1718 0054 3B       		.uleb128 0x3b
 1719 0055 0B       		.uleb128 0xb
 1720 0056 39       		.uleb128 0x39
 1721 0057 0B       		.uleb128 0xb
 1722 0058 49       		.uleb128 0x49
 1723 0059 13       		.uleb128 0x13
 1724 005a 3F       		.uleb128 0x3f
 1725 005b 19       		.uleb128 0x19
 1726 005c 02       		.uleb128 0x2
 1727 005d 18       		.uleb128 0x18
 1728 005e 00       		.byte	0
 1729 005f 00       		.byte	0
 1730 0060 00       		.byte	0
 1731              		.section	.debug_aranges,"",%progbits
 1732 0000 14000000 		.4byte	0x14
 1733 0004 0200     		.2byte	0x2
 1734 0006 00000000 		.4byte	.Ldebug_info0
 1735 000a 04       		.byte	0x4
 1736 000b 00       		.byte	0
 1737 000c 0000     		.2byte	0
 1738 000e 0000     		.2byte	0
 1739 0010 00000000 		.4byte	0
 1740 0014 00000000 		.4byte	0
 1741              		.section	.debug_line,"",%progbits
 1742              	.Ldebug_line0:
 1743 0000 E2000000 		.section	.debug_str,"MS",%progbits,1
 1743      0300DC00 
 1743      00000201 
 1743      FB0E0D00 
 1743      01010101 
 1744              	.LASF9:
 1745 0000 5F5F7569 		.ascii	"__uint8_t\000"
 1745      6E74385F 
 1745      7400
 1746              	.LASF1:
 1747 000a 756E7369 		.ascii	"unsigned char\000"
 1747      676E6564 
 1747      20636861 
 1747      7200
 1748              	.LASF11:
 1749 0018 474E5520 		.ascii	"GNU C11 8.2.1 20181213 (release) [gcc-8-branch revi"
 1749      43313120 
 1749      382E322E 
 1749      31203230 
 1749      31383132 
 1750 004b 73696F6E 		.ascii	"sion 267074] -mcpu=cortex-m0 -mno-thumb-interwork -"
 1750      20323637 
 1750      3037345D 
 1750      202D6D63 
 1750      70753D63 
ARM GAS  /tmp/cce3JAMw.s 			page 32


 1751 007e 6D746875 		.ascii	"mthumb -mfloat-abi=soft -march=armv6s-m -ggdb -O2 -"
 1751      6D62202D 
 1751      6D666C6F 
 1751      61742D61 
 1751      62693D73 
 1752 00b1 7374643D 		.ascii	"std=gnu11 -fomit-frame-pointer -falign-functions=16"
 1752      676E7531 
 1752      31202D66 
 1752      6F6D6974 
 1752      2D667261 
 1753 00e4 202D6673 		.ascii	" -fstack-usage -ffunction-sections -fdata-sections "
 1753      7461636B 
 1753      2D757361 
 1753      6765202D 
 1753      6666756E 
 1754 0117 2D666E6F 		.ascii	"-fno-common\000"
 1754      2D636F6D 
 1754      6D6F6E00 
 1755              	.LASF5:
 1756 0123 6C6F6E67 		.ascii	"long unsigned int\000"
 1756      20756E73 
 1756      69676E65 
 1756      6420696E 
 1756      7400
 1757              	.LASF3:
 1758 0135 73686F72 		.ascii	"short unsigned int\000"
 1758      7420756E 
 1758      7369676E 
 1758      65642069 
 1758      6E7400
 1759              	.LASF14:
 1760 0148 6E756D66 		.ascii	"numfont20x22\000"
 1760      6F6E7432 
 1760      30783232 
 1760      00
 1761              	.LASF12:
 1762 0155 6E756D66 		.ascii	"numfont20x22.c\000"
 1762      6F6E7432 
 1762      30783232 
 1762      2E6300
 1763              	.LASF8:
 1764 0164 756E7369 		.ascii	"unsigned int\000"
 1764      676E6564 
 1764      20696E74 
 1764      00
 1765              	.LASF7:
 1766 0171 6C6F6E67 		.ascii	"long long unsigned int\000"
 1766      206C6F6E 
 1766      6720756E 
 1766      7369676E 
 1766      65642069 
 1767              	.LASF10:
 1768 0188 75696E74 		.ascii	"uint8_t\000"
 1768      385F7400 
 1769              	.LASF6:
 1770 0190 6C6F6E67 		.ascii	"long long int\000"
 1770      206C6F6E 
ARM GAS  /tmp/cce3JAMw.s 			page 33


 1770      6720696E 
 1770      7400
 1771              	.LASF2:
 1772 019e 73686F72 		.ascii	"short int\000"
 1772      7420696E 
 1772      7400
 1773              	.LASF13:
 1774 01a8 2F6F7074 		.ascii	"/opt/nanovna/NanoVNA-H\000"
 1774      2F6E616E 
 1774      6F766E61 
 1774      2F4E616E 
 1774      6F564E41 
 1775              	.LASF4:
 1776 01bf 6C6F6E67 		.ascii	"long int\000"
 1776      20696E74 
 1776      00
 1777              	.LASF0:
 1778 01c8 7369676E 		.ascii	"signed char\000"
 1778      65642063 
 1778      68617200 
 1779              		.ident	"GCC: (GNU Tools for Arm Embedded Processors 8-2018-q4-major) 8.2.1 20181213 (release) [gcc
ARM GAS  /tmp/cce3JAMw.s 			page 34


DEFINED SYMBOLS
                            *ABS*:0000000000000000 numfont20x22.c
     /tmp/cce3JAMw.s:20     .rodata.numfont20x22:0000000000000000 numfont20x22
     /tmp/cce3JAMw.s:17     .rodata.numfont20x22:0000000000000000 $d

NO UNDEFINED SYMBOLS
