ARM GAS  /tmp/ccqNDCEW.s 			page 1


   1              		.cpu cortex-m0
   2              		.eabi_attribute 20, 1
   3              		.eabi_attribute 21, 1
   4              		.eabi_attribute 23, 3
   5              		.eabi_attribute 24, 1
   6              		.eabi_attribute 25, 1
   7              		.eabi_attribute 26, 1
   8              		.eabi_attribute 30, 2
   9              		.eabi_attribute 34, 0
  10              		.eabi_attribute 18, 4
  11              		.file	"vectors.c"
  12              		.text
  13              	.Ltext0:
  14              		.cfi_sections	.debug_frame
  15              		.section	.text._unhandled_exception,"ax",%progbits
  16              		.align	1
  17              		.p2align 4,,15
  18              		.global	_unhandled_exception
  19              		.arch armv6s-m
  20              		.syntax unified
  21              		.code	16
  22              		.thumb_func
  23              		.fpu softvfp
  24              		.type	_unhandled_exception, %function
  25              	_unhandled_exception:
  26              	.LFB34:
  27              		.file 1 "ChibiOS/os/common/startup/ARMCMx/compilers/GCC/vectors.c"
  28              		.loc 1 46 33 view -0
  29              		.cfi_startproc
  30              		@ Volatile: function does not return.
  31              		@ args = 0, pretend = 0, frame = 0
  32              		@ frame_needed = 0, uses_anonymous_args = 0
  33              		@ link register save eliminated.
  34              	.L2:
  35              		.loc 1 49 3 discriminator 1 view .LVU1
  36              		.loc 1 50 3 discriminator 1 view .LVU2
  37 0000 FEE7     		b	.L2
  38              		.cfi_endproc
  39              	.LFE34:
  40              		.size	_unhandled_exception, .-_unhandled_exception
  41              		.weak	VectorBC
  42              		.thumb_set VectorBC,_unhandled_exception
  43              		.weak	VectorB8
  44              		.thumb_set VectorB8,_unhandled_exception
  45              		.weak	VectorB4
  46              		.thumb_set VectorB4,_unhandled_exception
  47              		.weak	VectorB0
  48              		.thumb_set VectorB0,_unhandled_exception
  49              		.weak	VectorAC
  50              		.thumb_set VectorAC,_unhandled_exception
  51              		.weak	VectorA8
  52              		.thumb_set VectorA8,_unhandled_exception
  53              		.weak	VectorA4
  54              		.thumb_set VectorA4,_unhandled_exception
  55              		.weak	VectorA0
  56              		.thumb_set VectorA0,_unhandled_exception
  57              		.weak	Vector9C
ARM GAS  /tmp/ccqNDCEW.s 			page 2


  58              		.thumb_set Vector9C,_unhandled_exception
  59              		.weak	Vector98
  60              		.thumb_set Vector98,_unhandled_exception
  61              		.weak	Vector94
  62              		.thumb_set Vector94,_unhandled_exception
  63              		.weak	Vector90
  64              		.thumb_set Vector90,_unhandled_exception
  65              		.weak	Vector8C
  66              		.thumb_set Vector8C,_unhandled_exception
  67              		.weak	Vector88
  68              		.thumb_set Vector88,_unhandled_exception
  69              		.weak	Vector84
  70              		.thumb_set Vector84,_unhandled_exception
  71              		.weak	Vector80
  72              		.thumb_set Vector80,_unhandled_exception
  73              		.weak	Vector7C
  74              		.thumb_set Vector7C,_unhandled_exception
  75              		.weak	Vector78
  76              		.thumb_set Vector78,_unhandled_exception
  77              		.weak	Vector74
  78              		.thumb_set Vector74,_unhandled_exception
  79              		.weak	Vector70
  80              		.thumb_set Vector70,_unhandled_exception
  81              		.weak	Vector6C
  82              		.thumb_set Vector6C,_unhandled_exception
  83              		.weak	Vector68
  84              		.thumb_set Vector68,_unhandled_exception
  85              		.weak	Vector64
  86              		.thumb_set Vector64,_unhandled_exception
  87              		.weak	Vector60
  88              		.thumb_set Vector60,_unhandled_exception
  89              		.weak	Vector5C
  90              		.thumb_set Vector5C,_unhandled_exception
  91              		.weak	Vector58
  92              		.thumb_set Vector58,_unhandled_exception
  93              		.weak	Vector54
  94              		.thumb_set Vector54,_unhandled_exception
  95              		.weak	Vector50
  96              		.thumb_set Vector50,_unhandled_exception
  97              		.weak	Vector4C
  98              		.thumb_set Vector4C,_unhandled_exception
  99              		.weak	Vector48
 100              		.thumb_set Vector48,_unhandled_exception
 101              		.weak	Vector44
 102              		.thumb_set Vector44,_unhandled_exception
 103              		.weak	Vector40
 104              		.thumb_set Vector40,_unhandled_exception
 105              		.weak	SysTick_Handler
 106              		.thumb_set SysTick_Handler,_unhandled_exception
 107              		.weak	PendSV_Handler
 108              		.thumb_set PendSV_Handler,_unhandled_exception
 109              		.weak	Vector34
 110              		.thumb_set Vector34,_unhandled_exception
 111              		.weak	DebugMon_Handler
 112              		.thumb_set DebugMon_Handler,_unhandled_exception
 113              		.weak	SVC_Handler
 114              		.thumb_set SVC_Handler,_unhandled_exception
ARM GAS  /tmp/ccqNDCEW.s 			page 3


 115              		.weak	Vector28
 116              		.thumb_set Vector28,_unhandled_exception
 117              		.weak	Vector24
 118              		.thumb_set Vector24,_unhandled_exception
 119              		.weak	Vector20
 120              		.thumb_set Vector20,_unhandled_exception
 121              		.weak	Vector1C
 122              		.thumb_set Vector1C,_unhandled_exception
 123              		.weak	UsageFault_Handler
 124              		.thumb_set UsageFault_Handler,_unhandled_exception
 125              		.weak	BusFault_Handler
 126              		.thumb_set BusFault_Handler,_unhandled_exception
 127              		.weak	MemManage_Handler
 128              		.thumb_set MemManage_Handler,_unhandled_exception
 129              		.weak	HardFault_Handler
 130              		.thumb_set HardFault_Handler,_unhandled_exception
 131              		.weak	NMI_Handler
 132              		.thumb_set NMI_Handler,_unhandled_exception
 133              		.global	_vectors
 134 0002 C046     		.section	.vectors,"aw"
 135              		.align	7
 136              		.type	_vectors, %object
 137              		.size	_vectors, 192
 138              	_vectors:
 139 0000 00000000 		.word	__main_stack_end__
 140 0004 00000000 		.word	Reset_Handler
 141 0008 00000000 		.word	NMI_Handler
 142 000c 00000000 		.word	HardFault_Handler
 143 0010 00000000 		.word	MemManage_Handler
 144 0014 00000000 		.word	BusFault_Handler
 145 0018 00000000 		.word	UsageFault_Handler
 146 001c 00000000 		.word	Vector1C
 147 0020 00000000 		.word	Vector20
 148 0024 00000000 		.word	Vector24
 149 0028 00000000 		.word	Vector28
 150 002c 00000000 		.word	SVC_Handler
 151 0030 00000000 		.word	DebugMon_Handler
 152 0034 00000000 		.word	Vector34
 153 0038 00000000 		.word	PendSV_Handler
 154 003c 00000000 		.word	SysTick_Handler
 155 0040 00000000 		.word	Vector40
 156 0044 00000000 		.word	Vector44
 157 0048 00000000 		.word	Vector48
 158 004c 00000000 		.word	Vector4C
 159 0050 00000000 		.word	Vector50
 160 0054 00000000 		.word	Vector54
 161 0058 00000000 		.word	Vector58
 162 005c 00000000 		.word	Vector5C
 163 0060 00000000 		.word	Vector60
 164 0064 00000000 		.word	Vector64
 165 0068 00000000 		.word	Vector68
 166 006c 00000000 		.word	Vector6C
 167 0070 00000000 		.word	Vector70
 168 0074 00000000 		.word	Vector74
 169 0078 00000000 		.word	Vector78
 170 007c 00000000 		.word	Vector7C
 171 0080 00000000 		.word	Vector80
ARM GAS  /tmp/ccqNDCEW.s 			page 4


 172 0084 00000000 		.word	Vector84
 173 0088 00000000 		.word	Vector88
 174 008c 00000000 		.word	Vector8C
 175 0090 00000000 		.word	Vector90
 176 0094 00000000 		.word	Vector94
 177 0098 00000000 		.word	Vector98
 178 009c 00000000 		.word	Vector9C
 179 00a0 00000000 		.word	VectorA0
 180 00a4 00000000 		.word	VectorA4
 181 00a8 00000000 		.word	VectorA8
 182 00ac 00000000 		.word	VectorAC
 183 00b0 00000000 		.word	VectorB0
 184 00b4 00000000 		.word	VectorB4
 185 00b8 00000000 		.word	VectorB8
 186 00bc 00000000 		.word	VectorBC
 187              		.text
 188              	.Letext0:
 189              		.file 2 "/opt/nanovna/gcc-arm-none-eabi-8-2018-q4-major/arm-none-eabi/include/machine/_default_typ
 190              		.file 3 "/opt/nanovna/gcc-arm-none-eabi-8-2018-q4-major/arm-none-eabi/include/sys/_stdint.h"
 191              		.file 4 "ChibiOS/os/common/startup/ARMCMx/compilers/GCC/vectors.h"
 192              		.file 5 "ChibiOS/os/common/ext/CMSIS/ST/STM32F0xx/system_stm32f0xx.h"
 193              		.section	.debug_info,"",%progbits
 194              	.Ldebug_info0:
 195 0000 E1010000 		.4byte	0x1e1
 196 0004 0400     		.2byte	0x4
 197 0006 00000000 		.4byte	.Ldebug_abbrev0
 198 000a 04       		.byte	0x4
 199 000b 01       		.uleb128 0x1
 200 000c C9000000 		.4byte	.LASF33
 201 0010 0C       		.byte	0xc
 202 0011 62000000 		.4byte	.LASF34
 203 0015 C9020000 		.4byte	.LASF35
 204 0019 00000000 		.4byte	.Ldebug_ranges0+0
 205 001d 00000000 		.4byte	0
 206 0021 00000000 		.4byte	.Ldebug_line0
 207 0025 02       		.uleb128 0x2
 208 0026 01       		.byte	0x1
 209 0027 06       		.byte	0x6
 210 0028 04030000 		.4byte	.LASF0
 211 002c 02       		.uleb128 0x2
 212 002d 01       		.byte	0x1
 213 002e 08       		.byte	0x8
 214 002f BB000000 		.4byte	.LASF1
 215 0033 02       		.uleb128 0x2
 216 0034 02       		.byte	0x2
 217 0035 05       		.byte	0x5
 218 0036 BF020000 		.4byte	.LASF2
 219 003a 02       		.uleb128 0x2
 220 003b 02       		.byte	0x2
 221 003c 07       		.byte	0x7
 222 003d 46000000 		.4byte	.LASF3
 223 0041 02       		.uleb128 0x2
 224 0042 04       		.byte	0x4
 225 0043 05       		.byte	0x5
 226 0044 E9020000 		.4byte	.LASF4
 227 0048 03       		.uleb128 0x3
 228 0049 0D020000 		.4byte	.LASF9
ARM GAS  /tmp/ccqNDCEW.s 			page 5


 229 004d 02       		.byte	0x2
 230 004e 4F       		.byte	0x4f
 231 004f 19       		.byte	0x19
 232 0050 54000000 		.4byte	0x54
 233 0054 02       		.uleb128 0x2
 234 0055 04       		.byte	0x4
 235 0056 07       		.byte	0x7
 236 0057 D4010000 		.4byte	.LASF5
 237 005b 02       		.uleb128 0x2
 238 005c 08       		.byte	0x8
 239 005d 05       		.byte	0x5
 240 005e 84020000 		.4byte	.LASF6
 241 0062 02       		.uleb128 0x2
 242 0063 08       		.byte	0x8
 243 0064 07       		.byte	0x7
 244 0065 3A020000 		.4byte	.LASF7
 245 0069 04       		.uleb128 0x4
 246 006a 04       		.byte	0x4
 247 006b 05       		.byte	0x5
 248 006c 696E7400 		.ascii	"int\000"
 249 0070 02       		.uleb128 0x2
 250 0071 04       		.byte	0x4
 251 0072 07       		.byte	0x7
 252 0073 24020000 		.4byte	.LASF8
 253 0077 03       		.uleb128 0x3
 254 0078 E0020000 		.4byte	.LASF10
 255 007c 03       		.byte	0x3
 256 007d 30       		.byte	0x30
 257 007e 14       		.byte	0x14
 258 007f 48000000 		.4byte	0x48
 259 0083 05       		.uleb128 0x5
 260 0084 92020000 		.4byte	.LASF30
 261 0088 05       		.byte	0x5
 262 0089 4C       		.byte	0x4c
 263 008a 11       		.byte	0x11
 264 008b 77000000 		.4byte	0x77
 265 008f 03       		.uleb128 0x3
 266 0090 11000000 		.4byte	.LASF11
 267 0094 04       		.byte	0x4
 268 0095 32       		.byte	0x32
 269 0096 11       		.byte	0x11
 270 0097 9B000000 		.4byte	0x9b
 271 009b 06       		.uleb128 0x6
 272 009c 04       		.byte	0x4
 273 009d A1000000 		.4byte	0xa1
 274 00a1 07       		.uleb128 0x7
 275 00a2 08       		.uleb128 0x8
 276 00a3 C0       		.byte	0xc0
 277 00a4 04       		.byte	0x4
 278 00a5 37       		.byte	0x37
 279 00a6 09       		.byte	0x9
 280 00a7 89010000 		.4byte	0x189
 281 00ab 09       		.uleb128 0x9
 282 00ac 9B000000 		.4byte	.LASF12
 283 00b0 04       		.byte	0x4
 284 00b1 38       		.byte	0x38
 285 00b2 12       		.byte	0x12
ARM GAS  /tmp/ccqNDCEW.s 			page 6


 286 00b3 89010000 		.4byte	0x189
 287 00b7 00       		.byte	0
 288 00b8 09       		.uleb128 0x9
 289 00b9 63020000 		.4byte	.LASF13
 290 00bd 04       		.byte	0x4
 291 00be 39       		.byte	0x39
 292 00bf 11       		.byte	0x11
 293 00c0 8F000000 		.4byte	0x8f
 294 00c4 04       		.byte	0x4
 295 00c5 09       		.uleb128 0x9
 296 00c6 18020000 		.4byte	.LASF14
 297 00ca 04       		.byte	0x4
 298 00cb 3A       		.byte	0x3a
 299 00cc 11       		.byte	0x11
 300 00cd 8F000000 		.4byte	0x8f
 301 00d1 08       		.byte	0x8
 302 00d2 09       		.uleb128 0x9
 303 00d3 FB010000 		.4byte	.LASF15
 304 00d7 04       		.byte	0x4
 305 00d8 3B       		.byte	0x3b
 306 00d9 11       		.byte	0x11
 307 00da 8F000000 		.4byte	0x8f
 308 00de 0C       		.byte	0xc
 309 00df 09       		.uleb128 0x9
 310 00e0 F2020000 		.4byte	.LASF16
 311 00e4 04       		.byte	0x4
 312 00e5 3C       		.byte	0x3c
 313 00e6 11       		.byte	0x11
 314 00e7 8F000000 		.4byte	0x8f
 315 00eb 10       		.byte	0x10
 316 00ec 09       		.uleb128 0x9
 317 00ed 00000000 		.4byte	.LASF17
 318 00f1 04       		.byte	0x4
 319 00f2 3D       		.byte	0x3d
 320 00f3 11       		.byte	0x11
 321 00f4 8F000000 		.4byte	0x8f
 322 00f8 14       		.byte	0x14
 323 00f9 09       		.uleb128 0x9
 324 00fa 71020000 		.4byte	.LASF18
 325 00fe 04       		.byte	0x4
 326 00ff 3E       		.byte	0x3e
 327 0100 11       		.byte	0x11
 328 0101 8F000000 		.4byte	0x8f
 329 0105 18       		.byte	0x18
 330 0106 09       		.uleb128 0x9
 331 0107 F2010000 		.4byte	.LASF19
 332 010b 04       		.byte	0x4
 333 010c 3F       		.byte	0x3f
 334 010d 11       		.byte	0x11
 335 010e 8F000000 		.4byte	0x8f
 336 0112 1C       		.byte	0x1c
 337 0113 09       		.uleb128 0x9
 338 0114 31020000 		.4byte	.LASF20
 339 0118 04       		.byte	0x4
 340 0119 40       		.byte	0x40
 341 011a 11       		.byte	0x11
 342 011b 8F000000 		.4byte	0x8f
ARM GAS  /tmp/ccqNDCEW.s 			page 7


 343 011f 20       		.byte	0x20
 344 0120 09       		.uleb128 0x9
 345 0121 51020000 		.4byte	.LASF21
 346 0125 04       		.byte	0x4
 347 0126 41       		.byte	0x41
 348 0127 11       		.byte	0x11
 349 0128 8F000000 		.4byte	0x8f
 350 012c 24       		.byte	0x24
 351 012d 09       		.uleb128 0x9
 352 012e 5A020000 		.4byte	.LASF22
 353 0132 04       		.byte	0x4
 354 0133 42       		.byte	0x42
 355 0134 11       		.byte	0x11
 356 0135 8F000000 		.4byte	0x8f
 357 0139 28       		.byte	0x28
 358 013a 09       		.uleb128 0x9
 359 013b E6010000 		.4byte	.LASF23
 360 013f 04       		.byte	0x4
 361 0140 43       		.byte	0x43
 362 0141 11       		.byte	0x11
 363 0142 8F000000 		.4byte	0x8f
 364 0146 2C       		.byte	0x2c
 365 0147 09       		.uleb128 0x9
 366 0148 A6000000 		.4byte	.LASF24
 367 014c 04       		.byte	0x4
 368 014d 44       		.byte	0x44
 369 014e 11       		.byte	0x11
 370 014f 8F000000 		.4byte	0x8f
 371 0153 30       		.byte	0x30
 372 0154 09       		.uleb128 0x9
 373 0155 1E000000 		.4byte	.LASF25
 374 0159 04       		.byte	0x4
 375 015a 45       		.byte	0x45
 376 015b 11       		.byte	0x11
 377 015c 8F000000 		.4byte	0x8f
 378 0160 34       		.byte	0x34
 379 0161 09       		.uleb128 0x9
 380 0162 27000000 		.4byte	.LASF26
 381 0166 04       		.byte	0x4
 382 0167 46       		.byte	0x46
 383 0168 11       		.byte	0x11
 384 0169 8F000000 		.4byte	0x8f
 385 016d 38       		.byte	0x38
 386 016e 09       		.uleb128 0x9
 387 016f 36000000 		.4byte	.LASF27
 388 0173 04       		.byte	0x4
 389 0174 47       		.byte	0x47
 390 0175 11       		.byte	0x11
 391 0176 8F000000 		.4byte	0x8f
 392 017a 3C       		.byte	0x3c
 393 017b 09       		.uleb128 0x9
 394 017c B7020000 		.4byte	.LASF28
 395 0180 04       		.byte	0x4
 396 0181 48       		.byte	0x48
 397 0182 11       		.byte	0x11
 398 0183 8F010000 		.4byte	0x18f
 399 0187 40       		.byte	0x40
ARM GAS  /tmp/ccqNDCEW.s 			page 8


 400 0188 00       		.byte	0
 401 0189 06       		.uleb128 0x6
 402 018a 04       		.byte	0x4
 403 018b 77000000 		.4byte	0x77
 404 018f 0A       		.uleb128 0xa
 405 0190 8F000000 		.4byte	0x8f
 406 0194 9F010000 		.4byte	0x19f
 407 0198 0B       		.uleb128 0xb
 408 0199 70000000 		.4byte	0x70
 409 019d 1F       		.byte	0x1f
 410 019e 00       		.byte	0
 411 019f 03       		.uleb128 0x3
 412 01a0 10030000 		.4byte	.LASF29
 413 01a4 04       		.byte	0x4
 414 01a5 49       		.byte	0x49
 415 01a6 03       		.byte	0x3
 416 01a7 A2000000 		.4byte	0xa2
 417 01ab 05       		.uleb128 0x5
 418 01ac 59000000 		.4byte	.LASF31
 419 01b0 04       		.byte	0x4
 420 01b1 55       		.byte	0x55
 421 01b2 12       		.byte	0x12
 422 01b3 9F010000 		.4byte	0x19f
 423 01b7 05       		.uleb128 0x5
 424 01b8 1A030000 		.4byte	.LASF32
 425 01bc 01       		.byte	0x1
 426 01bd 36       		.byte	0x36
 427 01be 11       		.byte	0x11
 428 01bf 77000000 		.4byte	0x77
 429 01c3 0C       		.uleb128 0xc
 430 01c4 AB010000 		.4byte	0x1ab
 431 01c8 01       		.byte	0x1
 432 01c9 B901     		.2byte	0x1b9
 433 01cb 0B       		.byte	0xb
 434 01cc 05       		.uleb128 0x5
 435 01cd 03       		.byte	0x3
 436 01ce 00000000 		.4byte	_vectors
 437 01d2 0D       		.uleb128 0xd
 438 01d3 A2020000 		.4byte	.LASF36
 439 01d7 01       		.byte	0x1
 440 01d8 2E       		.byte	0x2e
 441 01d9 06       		.byte	0x6
 442 01da 00000000 		.4byte	.LFB34
 443 01de 02000000 		.4byte	.LFE34-.LFB34
 444 01e2 01       		.uleb128 0x1
 445 01e3 9C       		.byte	0x9c
 446 01e4 00       		.byte	0
 447              		.section	.debug_abbrev,"",%progbits
 448              	.Ldebug_abbrev0:
 449 0000 01       		.uleb128 0x1
 450 0001 11       		.uleb128 0x11
 451 0002 01       		.byte	0x1
 452 0003 25       		.uleb128 0x25
 453 0004 0E       		.uleb128 0xe
 454 0005 13       		.uleb128 0x13
 455 0006 0B       		.uleb128 0xb
 456 0007 03       		.uleb128 0x3
ARM GAS  /tmp/ccqNDCEW.s 			page 9


 457 0008 0E       		.uleb128 0xe
 458 0009 1B       		.uleb128 0x1b
 459 000a 0E       		.uleb128 0xe
 460 000b 55       		.uleb128 0x55
 461 000c 17       		.uleb128 0x17
 462 000d 11       		.uleb128 0x11
 463 000e 01       		.uleb128 0x1
 464 000f 10       		.uleb128 0x10
 465 0010 17       		.uleb128 0x17
 466 0011 00       		.byte	0
 467 0012 00       		.byte	0
 468 0013 02       		.uleb128 0x2
 469 0014 24       		.uleb128 0x24
 470 0015 00       		.byte	0
 471 0016 0B       		.uleb128 0xb
 472 0017 0B       		.uleb128 0xb
 473 0018 3E       		.uleb128 0x3e
 474 0019 0B       		.uleb128 0xb
 475 001a 03       		.uleb128 0x3
 476 001b 0E       		.uleb128 0xe
 477 001c 00       		.byte	0
 478 001d 00       		.byte	0
 479 001e 03       		.uleb128 0x3
 480 001f 16       		.uleb128 0x16
 481 0020 00       		.byte	0
 482 0021 03       		.uleb128 0x3
 483 0022 0E       		.uleb128 0xe
 484 0023 3A       		.uleb128 0x3a
 485 0024 0B       		.uleb128 0xb
 486 0025 3B       		.uleb128 0x3b
 487 0026 0B       		.uleb128 0xb
 488 0027 39       		.uleb128 0x39
 489 0028 0B       		.uleb128 0xb
 490 0029 49       		.uleb128 0x49
 491 002a 13       		.uleb128 0x13
 492 002b 00       		.byte	0
 493 002c 00       		.byte	0
 494 002d 04       		.uleb128 0x4
 495 002e 24       		.uleb128 0x24
 496 002f 00       		.byte	0
 497 0030 0B       		.uleb128 0xb
 498 0031 0B       		.uleb128 0xb
 499 0032 3E       		.uleb128 0x3e
 500 0033 0B       		.uleb128 0xb
 501 0034 03       		.uleb128 0x3
 502 0035 08       		.uleb128 0x8
 503 0036 00       		.byte	0
 504 0037 00       		.byte	0
 505 0038 05       		.uleb128 0x5
 506 0039 34       		.uleb128 0x34
 507 003a 00       		.byte	0
 508 003b 03       		.uleb128 0x3
 509 003c 0E       		.uleb128 0xe
 510 003d 3A       		.uleb128 0x3a
 511 003e 0B       		.uleb128 0xb
 512 003f 3B       		.uleb128 0x3b
 513 0040 0B       		.uleb128 0xb
ARM GAS  /tmp/ccqNDCEW.s 			page 10


 514 0041 39       		.uleb128 0x39
 515 0042 0B       		.uleb128 0xb
 516 0043 49       		.uleb128 0x49
 517 0044 13       		.uleb128 0x13
 518 0045 3F       		.uleb128 0x3f
 519 0046 19       		.uleb128 0x19
 520 0047 3C       		.uleb128 0x3c
 521 0048 19       		.uleb128 0x19
 522 0049 00       		.byte	0
 523 004a 00       		.byte	0
 524 004b 06       		.uleb128 0x6
 525 004c 0F       		.uleb128 0xf
 526 004d 00       		.byte	0
 527 004e 0B       		.uleb128 0xb
 528 004f 0B       		.uleb128 0xb
 529 0050 49       		.uleb128 0x49
 530 0051 13       		.uleb128 0x13
 531 0052 00       		.byte	0
 532 0053 00       		.byte	0
 533 0054 07       		.uleb128 0x7
 534 0055 15       		.uleb128 0x15
 535 0056 00       		.byte	0
 536 0057 27       		.uleb128 0x27
 537 0058 19       		.uleb128 0x19
 538 0059 00       		.byte	0
 539 005a 00       		.byte	0
 540 005b 08       		.uleb128 0x8
 541 005c 13       		.uleb128 0x13
 542 005d 01       		.byte	0x1
 543 005e 0B       		.uleb128 0xb
 544 005f 0B       		.uleb128 0xb
 545 0060 3A       		.uleb128 0x3a
 546 0061 0B       		.uleb128 0xb
 547 0062 3B       		.uleb128 0x3b
 548 0063 0B       		.uleb128 0xb
 549 0064 39       		.uleb128 0x39
 550 0065 0B       		.uleb128 0xb
 551 0066 01       		.uleb128 0x1
 552 0067 13       		.uleb128 0x13
 553 0068 00       		.byte	0
 554 0069 00       		.byte	0
 555 006a 09       		.uleb128 0x9
 556 006b 0D       		.uleb128 0xd
 557 006c 00       		.byte	0
 558 006d 03       		.uleb128 0x3
 559 006e 0E       		.uleb128 0xe
 560 006f 3A       		.uleb128 0x3a
 561 0070 0B       		.uleb128 0xb
 562 0071 3B       		.uleb128 0x3b
 563 0072 0B       		.uleb128 0xb
 564 0073 39       		.uleb128 0x39
 565 0074 0B       		.uleb128 0xb
 566 0075 49       		.uleb128 0x49
 567 0076 13       		.uleb128 0x13
 568 0077 38       		.uleb128 0x38
 569 0078 0B       		.uleb128 0xb
 570 0079 00       		.byte	0
ARM GAS  /tmp/ccqNDCEW.s 			page 11


 571 007a 00       		.byte	0
 572 007b 0A       		.uleb128 0xa
 573 007c 01       		.uleb128 0x1
 574 007d 01       		.byte	0x1
 575 007e 49       		.uleb128 0x49
 576 007f 13       		.uleb128 0x13
 577 0080 01       		.uleb128 0x1
 578 0081 13       		.uleb128 0x13
 579 0082 00       		.byte	0
 580 0083 00       		.byte	0
 581 0084 0B       		.uleb128 0xb
 582 0085 21       		.uleb128 0x21
 583 0086 00       		.byte	0
 584 0087 49       		.uleb128 0x49
 585 0088 13       		.uleb128 0x13
 586 0089 2F       		.uleb128 0x2f
 587 008a 0B       		.uleb128 0xb
 588 008b 00       		.byte	0
 589 008c 00       		.byte	0
 590 008d 0C       		.uleb128 0xc
 591 008e 34       		.uleb128 0x34
 592 008f 00       		.byte	0
 593 0090 47       		.uleb128 0x47
 594 0091 13       		.uleb128 0x13
 595 0092 3A       		.uleb128 0x3a
 596 0093 0B       		.uleb128 0xb
 597 0094 3B       		.uleb128 0x3b
 598 0095 05       		.uleb128 0x5
 599 0096 39       		.uleb128 0x39
 600 0097 0B       		.uleb128 0xb
 601 0098 02       		.uleb128 0x2
 602 0099 18       		.uleb128 0x18
 603 009a 00       		.byte	0
 604 009b 00       		.byte	0
 605 009c 0D       		.uleb128 0xd
 606 009d 2E       		.uleb128 0x2e
 607 009e 00       		.byte	0
 608 009f 3F       		.uleb128 0x3f
 609 00a0 19       		.uleb128 0x19
 610 00a1 03       		.uleb128 0x3
 611 00a2 0E       		.uleb128 0xe
 612 00a3 3A       		.uleb128 0x3a
 613 00a4 0B       		.uleb128 0xb
 614 00a5 3B       		.uleb128 0x3b
 615 00a6 0B       		.uleb128 0xb
 616 00a7 39       		.uleb128 0x39
 617 00a8 0B       		.uleb128 0xb
 618 00a9 27       		.uleb128 0x27
 619 00aa 19       		.uleb128 0x19
 620 00ab 11       		.uleb128 0x11
 621 00ac 01       		.uleb128 0x1
 622 00ad 12       		.uleb128 0x12
 623 00ae 06       		.uleb128 0x6
 624 00af 40       		.uleb128 0x40
 625 00b0 18       		.uleb128 0x18
 626 00b1 9742     		.uleb128 0x2117
 627 00b3 19       		.uleb128 0x19
ARM GAS  /tmp/ccqNDCEW.s 			page 12


 628 00b4 00       		.byte	0
 629 00b5 00       		.byte	0
 630 00b6 00       		.byte	0
 631              		.section	.debug_aranges,"",%progbits
 632 0000 1C000000 		.4byte	0x1c
 633 0004 0200     		.2byte	0x2
 634 0006 00000000 		.4byte	.Ldebug_info0
 635 000a 04       		.byte	0x4
 636 000b 00       		.byte	0
 637 000c 0000     		.2byte	0
 638 000e 0000     		.2byte	0
 639 0010 00000000 		.4byte	.LFB34
 640 0014 02000000 		.4byte	.LFE34-.LFB34
 641 0018 00000000 		.4byte	0
 642 001c 00000000 		.4byte	0
 643              		.section	.debug_ranges,"",%progbits
 644              	.Ldebug_ranges0:
 645 0000 00000000 		.4byte	.LFB34
 646 0004 02000000 		.4byte	.LFE34
 647 0008 00000000 		.4byte	0
 648 000c 00000000 		.4byte	0
 649              		.section	.debug_line,"",%progbits
 650              	.Ldebug_line0:
 651 0000 75010000 		.section	.debug_str,"MS",%progbits,1
 651      03005201 
 651      00000201 
 651      FB0E0D00 
 651      01010101 
 652              	.LASF17:
 653 0000 62757366 		.ascii	"busfault_handler\000"
 653      61756C74 
 653      5F68616E 
 653      646C6572 
 653      00
 654              	.LASF11:
 655 0011 6972715F 		.ascii	"irq_vector_t\000"
 655      76656374 
 655      6F725F74 
 655      00
 656              	.LASF25:
 657 001e 76656374 		.ascii	"vector34\000"
 657      6F723334 
 657      00
 658              	.LASF26:
 659 0027 70656E64 		.ascii	"pendsv_handler\000"
 659      73765F68 
 659      616E646C 
 659      657200
 660              	.LASF27:
 661 0036 73797374 		.ascii	"systick_handler\000"
 661      69636B5F 
 661      68616E64 
 661      6C657200 
 662              	.LASF3:
 663 0046 73686F72 		.ascii	"short unsigned int\000"
 663      7420756E 
 663      7369676E 
ARM GAS  /tmp/ccqNDCEW.s 			page 13


 663      65642069 
 663      6E7400
 664              	.LASF31:
 665 0059 5F766563 		.ascii	"_vectors\000"
 665      746F7273 
 665      00
 666              	.LASF34:
 667 0062 43686962 		.ascii	"ChibiOS/os/common/startup/ARMCMx/compilers/GCC/vect"
 667      694F532F 
 667      6F732F63 
 667      6F6D6D6F 
 667      6E2F7374 
 668 0095 6F72732E 		.ascii	"ors.c\000"
 668      6300
 669              	.LASF12:
 670 009b 696E6974 		.ascii	"init_stack\000"
 670      5F737461 
 670      636B00
 671              	.LASF24:
 672 00a6 64656275 		.ascii	"debugmonitor_handler\000"
 672      676D6F6E 
 672      69746F72 
 672      5F68616E 
 672      646C6572 
 673              	.LASF1:
 674 00bb 756E7369 		.ascii	"unsigned char\000"
 674      676E6564 
 674      20636861 
 674      7200
 675              	.LASF33:
 676 00c9 474E5520 		.ascii	"GNU C11 8.2.1 20181213 (release) [gcc-8-branch revi"
 676      43313120 
 676      382E322E 
 676      31203230 
 676      31383132 
 677 00fc 73696F6E 		.ascii	"sion 267074] -mcpu=cortex-m0 -mno-thumb-interwork -"
 677      20323637 
 677      3037345D 
 677      202D6D63 
 677      70753D63 
 678 012f 6D746875 		.ascii	"mthumb -mfloat-abi=soft -march=armv6s-m -ggdb -O2 -"
 678      6D62202D 
 678      6D666C6F 
 678      61742D61 
 678      62693D73 
 679 0162 7374643D 		.ascii	"std=gnu11 -fomit-frame-pointer -falign-functions=16"
 679      676E7531 
 679      31202D66 
 679      6F6D6974 
 679      2D667261 
 680 0195 202D6673 		.ascii	" -fstack-usage -ffunction-sections -fdata-sections "
 680      7461636B 
 680      2D757361 
 680      6765202D 
 680      6666756E 
 681 01c8 2D666E6F 		.ascii	"-fno-common\000"
 681      2D636F6D 
ARM GAS  /tmp/ccqNDCEW.s 			page 14


 681      6D6F6E00 
 682              	.LASF5:
 683 01d4 6C6F6E67 		.ascii	"long unsigned int\000"
 683      20756E73 
 683      69676E65 
 683      6420696E 
 683      7400
 684              	.LASF23:
 685 01e6 7376635F 		.ascii	"svc_handler\000"
 685      68616E64 
 685      6C657200 
 686              	.LASF19:
 687 01f2 76656374 		.ascii	"vector1c\000"
 687      6F723163 
 687      00
 688              	.LASF15:
 689 01fb 68617264 		.ascii	"hardfault_handler\000"
 689      6661756C 
 689      745F6861 
 689      6E646C65 
 689      7200
 690              	.LASF9:
 691 020d 5F5F7569 		.ascii	"__uint32_t\000"
 691      6E743332 
 691      5F7400
 692              	.LASF14:
 693 0218 6E6D695F 		.ascii	"nmi_handler\000"
 693      68616E64 
 693      6C657200 
 694              	.LASF8:
 695 0224 756E7369 		.ascii	"unsigned int\000"
 695      676E6564 
 695      20696E74 
 695      00
 696              	.LASF20:
 697 0231 76656374 		.ascii	"vector20\000"
 697      6F723230 
 697      00
 698              	.LASF7:
 699 023a 6C6F6E67 		.ascii	"long long unsigned int\000"
 699      206C6F6E 
 699      6720756E 
 699      7369676E 
 699      65642069 
 700              	.LASF21:
 701 0251 76656374 		.ascii	"vector24\000"
 701      6F723234 
 701      00
 702              	.LASF22:
 703 025a 76656374 		.ascii	"vector28\000"
 703      6F723238 
 703      00
 704              	.LASF13:
 705 0263 72657365 		.ascii	"reset_handler\000"
 705      745F6861 
 705      6E646C65 
 705      7200
ARM GAS  /tmp/ccqNDCEW.s 			page 15


 706              	.LASF18:
 707 0271 75736167 		.ascii	"usagefault_handler\000"
 707      65666175 
 707      6C745F68 
 707      616E646C 
 707      657200
 708              	.LASF6:
 709 0284 6C6F6E67 		.ascii	"long long int\000"
 709      206C6F6E 
 709      6720696E 
 709      7400
 710              	.LASF30:
 711 0292 53797374 		.ascii	"SystemCoreClock\000"
 711      656D436F 
 711      7265436C 
 711      6F636B00 
 712              	.LASF36:
 713 02a2 5F756E68 		.ascii	"_unhandled_exception\000"
 713      616E646C 
 713      65645F65 
 713      78636570 
 713      74696F6E 
 714              	.LASF28:
 715 02b7 76656374 		.ascii	"vectors\000"
 715      6F727300 
 716              	.LASF2:
 717 02bf 73686F72 		.ascii	"short int\000"
 717      7420696E 
 717      7400
 718              	.LASF35:
 719 02c9 2F6F7074 		.ascii	"/opt/nanovna/NanoVNA-H\000"
 719      2F6E616E 
 719      6F766E61 
 719      2F4E616E 
 719      6F564E41 
 720              	.LASF10:
 721 02e0 75696E74 		.ascii	"uint32_t\000"
 721      33325F74 
 721      00
 722              	.LASF4:
 723 02e9 6C6F6E67 		.ascii	"long int\000"
 723      20696E74 
 723      00
 724              	.LASF16:
 725 02f2 6D656D6D 		.ascii	"memmanage_handler\000"
 725      616E6167 
 725      655F6861 
 725      6E646C65 
 725      7200
 726              	.LASF0:
 727 0304 7369676E 		.ascii	"signed char\000"
 727      65642063 
 727      68617200 
 728              	.LASF29:
 729 0310 76656374 		.ascii	"vectors_t\000"
 729      6F72735F 
 729      7400
ARM GAS  /tmp/ccqNDCEW.s 			page 16


 730              	.LASF32:
 731 031a 5F5F6D61 		.ascii	"__main_stack_end__\000"
 731      696E5F73 
 731      7461636B 
 731      5F656E64 
 731      5F5F00
 732              		.ident	"GCC: (GNU Tools for Arm Embedded Processors 8-2018-q4-major) 8.2.1 20181213 (release) [gcc
ARM GAS  /tmp/ccqNDCEW.s 			page 17


DEFINED SYMBOLS
                            *ABS*:0000000000000000 vectors.c
     /tmp/ccqNDCEW.s:16     .text._unhandled_exception:0000000000000000 $t
     /tmp/ccqNDCEW.s:25     .text._unhandled_exception:0000000000000000 _unhandled_exception
     /tmp/ccqNDCEW.s:25     .text._unhandled_exception:0000000000000000 VectorBC
     /tmp/ccqNDCEW.s:25     .text._unhandled_exception:0000000000000000 VectorB8
     /tmp/ccqNDCEW.s:25     .text._unhandled_exception:0000000000000000 VectorB4
     /tmp/ccqNDCEW.s:25     .text._unhandled_exception:0000000000000000 VectorB0
     /tmp/ccqNDCEW.s:25     .text._unhandled_exception:0000000000000000 VectorAC
     /tmp/ccqNDCEW.s:25     .text._unhandled_exception:0000000000000000 VectorA8
     /tmp/ccqNDCEW.s:25     .text._unhandled_exception:0000000000000000 VectorA4
     /tmp/ccqNDCEW.s:25     .text._unhandled_exception:0000000000000000 VectorA0
     /tmp/ccqNDCEW.s:25     .text._unhandled_exception:0000000000000000 Vector9C
     /tmp/ccqNDCEW.s:25     .text._unhandled_exception:0000000000000000 Vector98
     /tmp/ccqNDCEW.s:25     .text._unhandled_exception:0000000000000000 Vector94
     /tmp/ccqNDCEW.s:25     .text._unhandled_exception:0000000000000000 Vector90
     /tmp/ccqNDCEW.s:25     .text._unhandled_exception:0000000000000000 Vector8C
     /tmp/ccqNDCEW.s:25     .text._unhandled_exception:0000000000000000 Vector88
     /tmp/ccqNDCEW.s:25     .text._unhandled_exception:0000000000000000 Vector84
     /tmp/ccqNDCEW.s:25     .text._unhandled_exception:0000000000000000 Vector80
     /tmp/ccqNDCEW.s:25     .text._unhandled_exception:0000000000000000 Vector7C
     /tmp/ccqNDCEW.s:25     .text._unhandled_exception:0000000000000000 Vector78
     /tmp/ccqNDCEW.s:25     .text._unhandled_exception:0000000000000000 Vector74
     /tmp/ccqNDCEW.s:25     .text._unhandled_exception:0000000000000000 Vector70
     /tmp/ccqNDCEW.s:25     .text._unhandled_exception:0000000000000000 Vector6C
     /tmp/ccqNDCEW.s:25     .text._unhandled_exception:0000000000000000 Vector68
     /tmp/ccqNDCEW.s:25     .text._unhandled_exception:0000000000000000 Vector64
     /tmp/ccqNDCEW.s:25     .text._unhandled_exception:0000000000000000 Vector60
     /tmp/ccqNDCEW.s:25     .text._unhandled_exception:0000000000000000 Vector5C
     /tmp/ccqNDCEW.s:25     .text._unhandled_exception:0000000000000000 Vector58
     /tmp/ccqNDCEW.s:25     .text._unhandled_exception:0000000000000000 Vector54
     /tmp/ccqNDCEW.s:25     .text._unhandled_exception:0000000000000000 Vector50
     /tmp/ccqNDCEW.s:25     .text._unhandled_exception:0000000000000000 Vector4C
     /tmp/ccqNDCEW.s:25     .text._unhandled_exception:0000000000000000 Vector48
     /tmp/ccqNDCEW.s:25     .text._unhandled_exception:0000000000000000 Vector44
     /tmp/ccqNDCEW.s:25     .text._unhandled_exception:0000000000000000 Vector40
     /tmp/ccqNDCEW.s:25     .text._unhandled_exception:0000000000000000 SysTick_Handler
     /tmp/ccqNDCEW.s:25     .text._unhandled_exception:0000000000000000 PendSV_Handler
     /tmp/ccqNDCEW.s:25     .text._unhandled_exception:0000000000000000 Vector34
     /tmp/ccqNDCEW.s:25     .text._unhandled_exception:0000000000000000 DebugMon_Handler
     /tmp/ccqNDCEW.s:25     .text._unhandled_exception:0000000000000000 SVC_Handler
     /tmp/ccqNDCEW.s:25     .text._unhandled_exception:0000000000000000 Vector28
     /tmp/ccqNDCEW.s:25     .text._unhandled_exception:0000000000000000 Vector24
     /tmp/ccqNDCEW.s:25     .text._unhandled_exception:0000000000000000 Vector20
     /tmp/ccqNDCEW.s:25     .text._unhandled_exception:0000000000000000 Vector1C
     /tmp/ccqNDCEW.s:25     .text._unhandled_exception:0000000000000000 UsageFault_Handler
     /tmp/ccqNDCEW.s:25     .text._unhandled_exception:0000000000000000 BusFault_Handler
     /tmp/ccqNDCEW.s:25     .text._unhandled_exception:0000000000000000 MemManage_Handler
     /tmp/ccqNDCEW.s:25     .text._unhandled_exception:0000000000000000 HardFault_Handler
     /tmp/ccqNDCEW.s:25     .text._unhandled_exception:0000000000000000 NMI_Handler
     /tmp/ccqNDCEW.s:138    .vectors:0000000000000000 _vectors
     /tmp/ccqNDCEW.s:135    .vectors:0000000000000000 $d

UNDEFINED SYMBOLS
__main_stack_end__
Reset_Handler
